2024-11-28 20:58:27.800 [info] [main] Log level: Info
2024-11-28 20:58:27.800 [info] [main] Validating found git in: "git"
2024-11-28 20:58:27.800 [info] [main] Using git "2.47.1" from "git"
2024-11-28 20:58:27.800 [info] [Model][doInitialScan] Initial repository scan started
2024-11-28 20:58:27.801 [info] > git rev-parse --show-toplevel [9ms]
2024-11-28 20:58:27.801 [info] > git rev-parse --git-dir --git-common-dir [2ms]
2024-11-28 20:58:27.801 [info] [Model][openRepository] Opened repository: /home/justin_sus1/archsetup
2024-11-28 20:58:27.814 [info] > git rev-parse --show-toplevel [5ms]
2024-11-28 20:58:27.815 [info] > git config --get commit.template [9ms]
2024-11-28 20:58:27.828 [info] > git rev-parse --show-toplevel [6ms]
2024-11-28 20:58:27.833 [info] > git for-each-ref --format=%(refname)%00%(upstream:short)%00%(objectname)%00%(upstream:track)%00%(upstream:remotename)%00%(upstream:remoteref) refs/heads/master refs/remotes/master [6ms]
2024-11-28 20:58:27.834 [info] > git rev-parse --show-toplevel [2ms]
2024-11-28 20:58:27.850 [info] > git status -z -uall [6ms]
2024-11-28 20:58:27.851 [info] > git rev-parse --show-toplevel [12ms]
2024-11-28 20:58:27.851 [info] [Model][doInitialScan] Initial repository scan completed - repositories (1), closed repositories (0), parent repositories (0), unsafe repositories (0)
2024-11-28 20:58:27.852 [info] > git for-each-ref --sort -committerdate --format %(refname) %(objectname) %(*objectname) [3ms]
2024-11-28 20:58:27.870 [info] > git for-each-ref --format=%(refname)%00%(upstream:short)%00%(objectname)%00%(upstream:track)%00%(upstream:remotename)%00%(upstream:remoteref) refs/heads/master refs/remotes/master [7ms]
2024-11-28 20:58:27.875 [info] > git config --local branch.master.vscode-merge-base [1ms]
2024-11-28 20:58:27.881 [info] > git config --get commit.template [11ms]
2024-11-28 20:58:27.887 [info] > git for-each-ref --format=%(refname)%00%(upstream:short)%00%(objectname)%00%(upstream:track)%00%(upstream:remotename)%00%(upstream:remoteref) refs/heads/origin/master refs/remotes/origin/master [7ms]
2024-11-28 20:58:27.902 [info] > git merge-base refs/heads/master refs/remotes/origin/master [10ms]
2024-11-28 20:58:27.907 [info] > git for-each-ref --format=%(refname)%00%(upstream:short)%00%(objectname)%00%(upstream:track)%00%(upstream:remotename)%00%(upstream:remoteref) refs/heads/master refs/remotes/master [21ms]
2024-11-28 20:58:27.934 [info] > git diff --name-status -z --diff-filter=ADMR e967d0a6597c50e4c8fd6c736dd32f158c326333...refs/remotes/origin/master [27ms]
2024-11-28 20:58:27.944 [info] > git status -z -uall [4ms]
2024-11-28 20:58:27.946 [info] > git for-each-ref --sort -committerdate --format %(refname) %(objectname) %(*objectname) [2ms]
2024-11-28 20:58:28.124 [info] > git show --textconv :dotfiles/.config/hypr/conf/autostart.conf [7ms]
2024-11-28 20:58:28.126 [info] > git ls-files --stage -- /home/justin_sus1/archsetup/dotfiles/.config/hypr/conf/autostart.conf [2ms]
2024-11-28 20:58:28.131 [info] > git cat-file -s c8a5406d1e2ca1ba78d00cc21d946758ad3a8f09 [1ms]
2024-11-28 20:58:28.325 [info] > git check-ignore -v -z --stdin [2ms]
2024-11-28 20:58:39.008 [info] [main] Log level: Info
2024-11-28 20:58:39.008 [info] [main] Validating found git in: "git"
2024-11-28 20:58:39.008 [info] [main] Using git "2.47.1" from "git"
2024-11-28 20:58:39.008 [info] [Model][doInitialScan] Initial repository scan started
2024-11-28 20:58:39.008 [info] > git rev-parse --show-toplevel [16ms]
2024-11-28 20:58:39.016 [info] > git rev-parse --git-dir --git-common-dir [4ms]
2024-11-28 20:58:39.023 [info] [Model][openRepository] Opened repository: /home/justin_sus1/ttrockstars
2024-11-28 20:58:39.025 [info] [Model][doInitialScan] Initial repository scan completed - repositories (1), closed repositories (0), parent repositories (0), unsafe repositories (0)
2024-11-28 20:58:39.033 [info] > git config --get commit.template [3ms]
2024-11-28 20:58:39.039 [info] > git for-each-ref --format=%(refname)%00%(upstream:short)%00%(objectname)%00%(upstream:track)%00%(upstream:remotename)%00%(upstream:remoteref) refs/heads/main refs/remotes/main [2ms]
2024-11-28 20:58:39.051 [info] > git status -z -uall [7ms]
2024-11-28 20:58:39.053 [info] > git for-each-ref --sort -committerdate --format %(refname) %(objectname) %(*objectname) [3ms]
2024-11-28 20:58:39.069 [info] > git for-each-ref --format=%(refname)%00%(upstream:short)%00%(objectname)%00%(upstream:track)%00%(upstream:remotename)%00%(upstream:remoteref) refs/heads/main refs/remotes/main [6ms]
2024-11-28 20:58:39.076 [info] > git config --get commit.template [7ms]
2024-11-28 20:58:39.079 [info] > git config --local branch.main.vscode-merge-base [5ms]
2024-11-28 20:58:39.080 [warning] [Git][config] git config failed: Failed to execute git
2024-11-28 20:58:39.122 [info] > git for-each-ref --format=%(refname)%00%(upstream:short)%00%(objectname)%00%(upstream:track)%00%(upstream:remotename)%00%(upstream:remoteref) refs/heads/main refs/remotes/main [31ms]
2024-11-28 20:58:39.122 [info] > git reflog main --grep-reflog=branch: Created from *. [38ms]
2024-11-28 20:58:39.142 [info] > git symbolic-ref --short refs/remotes/origin/HEAD [15ms]
2024-11-28 20:58:39.142 [info] fatal: ref refs/remotes/origin/HEAD is not a symbolic ref
2024-11-28 20:58:39.142 [warning] [Repository][getDefaultBranch] Failed to get default branch details: Failed to execute git.
2024-11-28 20:58:39.149 [info] > git merge-base refs/heads/main refs/remotes/origin/main [3ms]
2024-11-28 20:58:39.156 [info] > git diff --name-status -z --diff-filter=ADMR 97c6bd3126ab3dc06a5958c8632a3abba24d15e4...refs/remotes/origin/main [2ms]
2024-11-28 20:58:39.168 [info] > git status -z -uall [6ms]
2024-11-28 20:58:39.169 [info] > git for-each-ref --sort -committerdate --format %(refname) %(objectname) %(*objectname) [3ms]
2024-11-28 20:58:39.491 [info] > git show --textconv :_main_.py [8ms]
2024-11-28 20:58:39.493 [info] > git ls-files --stage -- /home/justin_sus1/ttrockstars/_main_.py [2ms]
2024-11-28 20:58:39.498 [info] > git cat-file -s 49bb5d3987efc989480b014f02816260dfbf3281 [1ms]
2024-11-28 20:58:39.587 [info] > git check-ignore -v -z --stdin [2ms]
2024-11-28 21:00:27.594 [info] > git config --get commit.template [5ms]
2024-11-28 21:00:27.594 [info] > git for-each-ref --format=%(refname)%00%(upstream:short)%00%(objectname)%00%(upstream:track)%00%(upstream:remotename)%00%(upstream:remoteref) refs/heads/main refs/remotes/main [1ms]
2024-11-28 21:00:27.603 [info] > git status -z -uall [5ms]
2024-11-28 21:00:27.603 [info] > git for-each-ref --sort -committerdate --format %(refname) %(objectname) %(*objectname) [1ms]
2024-11-28 21:07:37.367 [info] > git config --get commit.template [9ms]
2024-11-28 21:07:37.368 [info] > git for-each-ref --format=%(refname)%00%(upstream:short)%00%(objectname)%00%(upstream:track)%00%(upstream:remotename)%00%(upstream:remoteref) refs/heads/main refs/remotes/main [2ms]
2024-11-28 21:07:37.378 [info] > git status -z -uall [4ms]
2024-11-28 21:07:37.379 [info] > git for-each-ref --sort -committerdate --format %(refname) %(objectname) %(*objectname) [1ms]
2024-11-28 21:09:16.726 [info] > git config --get commit.template [8ms]
2024-11-28 21:09:16.726 [info] > git for-each-ref --format=%(refname)%00%(upstream:short)%00%(objectname)%00%(upstream:track)%00%(upstream:remotename)%00%(upstream:remoteref) refs/heads/main refs/remotes/main [1ms]
2024-11-28 21:09:16.737 [info] > git status -z -uall [5ms]
2024-11-28 21:09:16.738 [info] > git for-each-ref --sort -committerdate --format %(refname) %(objectname) %(*objectname) [1ms]
2024-11-28 21:09:21.758 [info] > git config --get commit.template [7ms]
2024-11-28 21:09:21.758 [info] > git for-each-ref --format=%(refname)%00%(upstream:short)%00%(objectname)%00%(upstream:track)%00%(upstream:remotename)%00%(upstream:remoteref) refs/heads/main refs/remotes/main [1ms]
2024-11-28 21:09:21.769 [info] > git status -z -uall [4ms]
2024-11-28 21:09:21.770 [info] > git for-each-ref --sort -committerdate --format %(refname) %(objectname) %(*objectname) [1ms]
2024-11-28 21:11:18.977 [info] > git config --get commit.template [7ms]
2024-11-28 21:11:18.978 [info] > git for-each-ref --format=%(refname)%00%(upstream:short)%00%(objectname)%00%(upstream:track)%00%(upstream:remotename)%00%(upstream:remoteref) refs/heads/main refs/remotes/main [2ms]
2024-11-28 21:11:18.988 [info] > git status -z -uall [6ms]
2024-11-28 21:11:18.989 [info] > git for-each-ref --sort -committerdate --format %(refname) %(objectname) %(*objectname) [2ms]
2024-11-28 21:13:11.153 [info] > git config --get commit.template [5ms]
2024-11-28 21:13:11.154 [info] > git for-each-ref --format=%(refname)%00%(upstream:short)%00%(objectname)%00%(upstream:track)%00%(upstream:remotename)%00%(upstream:remoteref) refs/heads/main refs/remotes/main [1ms]
2024-11-28 21:13:11.164 [info] > git status -z -uall [6ms]
2024-11-28 21:13:11.165 [info] > git for-each-ref --sort -committerdate --format %(refname) %(objectname) %(*objectname) [2ms]
2024-11-28 21:14:01.764 [info] > git config --get commit.template [10ms]
2024-11-28 21:14:01.765 [info] > git for-each-ref --format=%(refname)%00%(upstream:short)%00%(objectname)%00%(upstream:track)%00%(upstream:remotename)%00%(upstream:remoteref) refs/heads/main refs/remotes/main [2ms]
2024-11-28 21:14:01.783 [info] > git status -z -uall [10ms]
2024-11-28 21:14:01.784 [info] > git for-each-ref --sort -committerdate --format %(refname) %(objectname) %(*objectname) [3ms]
