[2025-02-09 12:55:20] [INFO] Migrated legacy configs to legacy folder
[2025-02-09 12:55:23] [ERROR] Failed to setup tray icon
java.lang.UnsupportedOperationException
	at java.desktop/java.awt.TrayIcon.<init>(TrayIcon.java:155)
	at java.desktop/java.awt.TrayIcon.<init>(TrayIcon.java:179)
	at java.desktop/java.awt.TrayIcon.<init>(TrayIcon.java:208)
	at java.desktop/java.awt.TrayIcon.<init>(TrayIcon.java:238)
	at org.rusherhack.à.<clinit>(à.java:53)
	at org.rusherhack.ʗ.ô(ʗ.java:167)
	at org.rusherhack.ʗ.a(ʗ.java)
	at org.rusherhack.ʗ.<init>(ʗ.java:65)
	at org.rusherhack.ı.<init>(ı.java:230)
	at org.rusherhack.ı.щ(ı.java:164)
	at org.rusherhack.mixin.MixinHelper.b(MixinHelper.java)
	at org.rusherhack.mixin.MixinHelper.postGameStart(MixinHelper.java:153)
	at knot//net.minecraft.class_310.handler$ckm000$postStartGame(class_310.java:11272)
	at knot//net.minecraft.class_310.<init>(class_310.java:715)
	at knot//net.minecraft.client.main.Main.main(Main.java:223)
	at net.fabricmc.loader.impl.game.minecraft.MinecraftGameProvider.launch(MinecraftGameProvider.java:480)
	at net.fabricmc.loader.impl.launch.knot.Knot.launch(Knot.java:74)
	at net.fabricmc.loader.impl.launch.knot.KnotClient.main(KnotClient.java:23)

[2025-02-09 12:55:25] [INFO] rusherhack v2.0.5 finished loading.
[2025-02-09 12:55:25] [INFO] Loading configs...
[2025-02-09 12:57:27] [INFO] Saving configs...
[2025-02-09 12:57:27] [INFO] RusherHack Stopped
