2024-11-28 20:58:26.434 [info] Added views:outline in workbench.view.explorer
2024-11-28 20:58:26.434 [info] Added views:workbench.view.search in workbench.view.search
2024-11-28 20:58:26.434 [info] Added views:workbench.scm in workbench.view.scm
2024-11-28 20:58:26.434 [info] Added views:workbench.panel.markers.view in workbench.panel.markers
2024-11-28 20:58:26.434 [info] Added views:workbench.panel.output in workbench.panel.output
2024-11-28 20:58:26.434 [info] Added views:terminal in terminal
2024-11-28 20:58:26.434 [info] Added views:timeline in workbench.view.explorer
2024-11-28 20:58:26.434 [info] Added views:workbench.explorer.fileView in workbench.view.explorer
2024-11-28 20:58:26.577 [info] Added views:workbench.debug.welcome in workbench.view.debug
2024-11-28 20:58:27.401 [info] Added views:workbench.panel.repl.view in workbench.panel.repl
2024-11-28 20:58:27.797 [info] Added views:workbench.scm.history in workbench.view.scm
2024-11-28 20:58:27.892 [info] Added views:~remote.forwardedPorts in ~remote.forwardedPortsContainer
2024-11-28 20:58:37.667 [info] Removed views:workbench.scm.history from workbench.view.scm
2024-11-28 20:58:37.988 [info] Added views:outline in workbench.view.explorer
2024-11-28 20:58:37.988 [info] Added views:workbench.view.search in workbench.view.search
2024-11-28 20:58:37.988 [info] Added views:workbench.scm in workbench.view.scm
2024-11-28 20:58:37.988 [info] Added views:workbench.panel.markers.view in workbench.panel.markers
2024-11-28 20:58:37.988 [info] Added views:workbench.panel.output in workbench.panel.output
2024-11-28 20:58:37.988 [info] Added views:terminal in terminal
2024-11-28 20:58:37.988 [info] Added views:timeline in workbench.view.explorer
2024-11-28 20:58:37.988 [info] Added views:workbench.explorer.fileView in workbench.view.explorer
2024-11-28 20:58:38.116 [info] Added views:workbench.debug.welcome in workbench.view.debug
2024-11-28 20:58:38.700 [info] Added views:workbench.panel.repl.view in workbench.panel.repl
2024-11-28 20:58:38.905 [info] Added views:~remote.forwardedPorts in ~remote.forwardedPortsContainer
2024-11-28 20:58:39.047 [info] Added views:workbench.scm.history in workbench.view.scm
