2024-11-30 05:24:14.000 [info] [main] Log level: Info
2024-11-30 05:24:14.000 [info] [main] Validating found git in: "git"
2024-11-30 05:24:14.000 [info] [main] Using git "2.47.1" from "git"
2024-11-30 05:24:14.000 [info] [Model][doInitialScan] Initial repository scan started
2024-11-30 05:24:14.002 [info] > git rev-parse --show-toplevel [3ms]
2024-11-30 05:24:14.010 [info] > git rev-parse --git-dir --git-common-dir [2ms]
2024-11-30 05:24:14.021 [info] [Model][openRepository] Opened repository: /home/justin_sus1/ttrockstars
2024-11-30 05:24:14.023 [info] [Model][doInitialScan] Initial repository scan completed - repositories (1), closed repositories (0), parent repositories (0), unsafe repositories (0)
2024-11-30 05:24:14.062 [info] > git config --get commit.template [32ms]
2024-11-30 05:24:14.077 [info] > git for-each-ref --format=%(refname)%00%(upstream:short)%00%(objectname)%00%(upstream:track)%00%(upstream:remotename)%00%(upstream:remoteref) refs/heads/main refs/remotes/main [9ms]
2024-11-30 05:24:14.087 [info] > git status -z -uall [4ms]
2024-11-30 05:24:14.089 [info] > git for-each-ref --sort -committerdate --format %(refname) %(objectname) %(*objectname) [1ms]
2024-11-30 05:24:14.100 [info] > git for-each-ref --format=%(refname)%00%(upstream:short)%00%(objectname)%00%(upstream:track)%00%(upstream:remotename)%00%(upstream:remoteref) refs/heads/main refs/remotes/main [6ms]
2024-11-30 05:24:14.104 [info] > git config --get commit.template [5ms]
2024-11-30 05:24:14.105 [info] > git config --local branch.main.vscode-merge-base [2ms]
2024-11-30 05:24:14.105 [warning] [Git][config] git config failed: Failed to execute git
2024-11-30 05:24:14.119 [info] > git reflog main --grep-reflog=branch: Created from *. [10ms]
2024-11-30 05:24:14.124 [info] > git for-each-ref --format=%(refname)%00%(upstream:short)%00%(objectname)%00%(upstream:track)%00%(upstream:remotename)%00%(upstream:remoteref) refs/heads/main refs/remotes/main [7ms]
2024-11-30 05:24:14.148 [info] > git symbolic-ref --short refs/remotes/origin/HEAD [25ms]
2024-11-30 05:24:14.148 [info] fatal: ref refs/remotes/origin/HEAD is not a symbolic ref
2024-11-30 05:24:14.148 [warning] [Repository][getDefaultBranch] Failed to get default branch details: Failed to execute git.
2024-11-30 05:24:14.159 [info] > git merge-base refs/heads/main refs/remotes/origin/main [7ms]
2024-11-30 05:24:14.171 [info] > git status -z -uall [4ms]
2024-11-30 05:24:14.171 [info] > git for-each-ref --sort -committerdate --format %(refname) %(objectname) %(*objectname) [1ms]
2024-11-30 05:24:14.177 [info] > git diff --name-status -z --diff-filter=ADMR 97c6bd3126ab3dc06a5958c8632a3abba24d15e4...refs/remotes/origin/main [14ms]
2024-11-30 05:24:14.179 [info] > git merge-base refs/heads/main refs/remotes/origin/main [3ms]
2024-11-30 05:24:14.184 [info] > git diff --name-status -z --diff-filter=ADMR 97c6bd3126ab3dc06a5958c8632a3abba24d15e4...refs/remotes/origin/main [1ms]
2024-11-30 05:24:14.346 [info] > git ls-files --stage -- /home/justin_sus1/ttrockstars/_main_.py [1ms]
2024-11-30 05:24:14.349 [info] > git show --textconv :_main_.py [10ms]
2024-11-30 05:24:14.350 [info] > git cat-file -s 471427831698a30f90280cc0229775d148e89c27 [1ms]
2024-11-30 05:24:14.575 [info] > git check-ignore -v -z --stdin [4ms]
2024-11-30 05:24:19.891 [info] > git config --get commit.template [4ms]
2024-11-30 05:24:19.891 [info] > git for-each-ref --format=%(refname)%00%(upstream:short)%00%(objectname)%00%(upstream:track)%00%(upstream:remotename)%00%(upstream:remoteref) refs/heads/main refs/remotes/main [1ms]
2024-11-30 05:24:19.904 [info] > git status -z -uall [6ms]
2024-11-30 05:24:19.905 [info] > git for-each-ref --sort -committerdate --format %(refname) %(objectname) %(*objectname) [2ms]
2024-11-30 05:24:19.916 [info] > git merge-base refs/heads/main refs/remotes/origin/main [2ms]
2024-11-30 05:24:19.921 [info] > git diff --name-status -z --diff-filter=ADMR a4f6b3f62c8a00c3ed7250951a85e06b76de393a...refs/remotes/origin/main [1ms]
2024-11-30 05:24:21.183 [info] > git config --get commit.template [5ms]
2024-11-30 05:24:21.188 [info] > git ls-files --stage -- /home/justin_sus1/ttrockstars/_main_.py [6ms]
2024-11-30 05:24:21.192 [info] > git for-each-ref --format=%(refname)%00%(upstream:short)%00%(objectname)%00%(upstream:track)%00%(upstream:remotename)%00%(upstream:remoteref) refs/heads/main refs/remotes/main [5ms]
2024-11-30 05:24:21.193 [info] > git cat-file -s 471427831698a30f90280cc0229775d148e89c27 [1ms]
2024-11-30 05:24:21.203 [info] > git status -z -uall [5ms]
2024-11-30 05:24:21.209 [info] > git for-each-ref --sort -committerdate --format %(refname) %(objectname) %(*objectname) [6ms]
2024-11-30 05:24:21.210 [info] > git show --textconv :_main_.py [2ms]
