2024-11-30 05:14:44.477 [info] [main] Log level: Info
2024-11-30 05:14:44.477 [info] [main] Validating found git in: "git"
2024-11-30 05:14:44.477 [info] [main] Using git "2.47.1" from "git"
2024-11-30 05:14:44.477 [info] [Model][doInitialScan] Initial repository scan started
2024-11-30 05:14:44.477 [info] > git rev-parse --show-toplevel [11ms]
2024-11-30 05:14:44.477 [info] > git rev-parse --git-dir --git-common-dir [1ms]
2024-11-30 05:14:44.488 [info] [Model][openRepository] Opened repository: /home/justin_sus1/ttrockstars
2024-11-30 05:14:44.489 [info] [Model][doInitialScan] Initial repository scan completed - repositories (1), closed repositories (0), parent repositories (0), unsafe repositories (0)
2024-11-30 05:14:44.496 [info] > git config --get commit.template [3ms]
2024-11-30 05:14:44.506 [info] > git for-each-ref --format=%(refname)%00%(upstream:short)%00%(objectname)%00%(upstream:track)%00%(upstream:remotename)%00%(upstream:remoteref) refs/heads/main refs/remotes/main [5ms]
2024-11-30 05:14:44.515 [info] > git status -z -uall [5ms]
2024-11-30 05:14:44.558 [info] > git for-each-ref --sort -committerdate --format %(refname) %(objectname) %(*objectname) [44ms]
2024-11-30 05:14:44.583 [info] > git for-each-ref --format=%(refname)%00%(upstream:short)%00%(objectname)%00%(upstream:track)%00%(upstream:remotename)%00%(upstream:remoteref) refs/heads/main refs/remotes/main [16ms]
2024-11-30 05:14:44.600 [info] > git config --local branch.main.vscode-merge-base [13ms]
2024-11-30 05:14:44.600 [warning] [Git][config] git config failed: Failed to execute git
2024-11-30 05:14:44.604 [info] > git config --get commit.template [21ms]
2024-11-30 05:14:44.641 [info] > git reflog main --grep-reflog=branch: Created from *. [36ms]
2024-11-30 05:14:44.646 [info] > git symbolic-ref --short refs/remotes/origin/HEAD [2ms]
2024-11-30 05:14:44.646 [info] fatal: ref refs/remotes/origin/HEAD is not a symbolic ref
2024-11-30 05:14:44.646 [warning] [Repository][getDefaultBranch] Failed to get default branch details: Failed to execute git.
2024-11-30 05:14:44.650 [info] > git for-each-ref --format=%(refname)%00%(upstream:short)%00%(objectname)%00%(upstream:track)%00%(upstream:remotename)%00%(upstream:remoteref) refs/heads/main refs/remotes/main [13ms]
2024-11-30 05:14:44.651 [info] > git merge-base refs/heads/main refs/remotes/origin/main [1ms]
2024-11-30 05:14:44.656 [info] > git diff --name-status -z --diff-filter=ADMR 97c6bd3126ab3dc06a5958c8632a3abba24d15e4...refs/remotes/origin/main [1ms]
2024-11-30 05:14:44.663 [info] > git status -z -uall [4ms]
2024-11-30 05:14:44.664 [info] > git for-each-ref --sort -committerdate --format %(refname) %(objectname) %(*objectname) [2ms]
2024-11-30 05:14:44.982 [info] > git show --textconv :_main_.py [5ms]
2024-11-30 05:14:44.984 [info] > git ls-files --stage -- /home/justin_sus1/ttrockstars/_main_.py [2ms]
2024-11-30 05:14:44.989 [info] > git cat-file -s 49bb5d3987efc989480b014f02816260dfbf3281 [2ms]
2024-11-30 05:14:45.083 [info] > git check-ignore -v -z --stdin [2ms]
2024-11-30 05:17:42.546 [info] > git config --get commit.template [6ms]
2024-11-30 05:17:42.548 [info] > git for-each-ref --format=%(refname)%00%(upstream:short)%00%(objectname)%00%(upstream:track)%00%(upstream:remotename)%00%(upstream:remoteref) refs/heads/main refs/remotes/main [3ms]
2024-11-30 05:17:42.559 [info] > git status -z -uall [5ms]
2024-11-30 05:17:42.559 [info] > git for-each-ref --sort -committerdate --format %(refname) %(objectname) %(*objectname) [1ms]
2024-11-30 05:18:27.987 [info] > git config --get commit.template [7ms]
2024-11-30 05:18:27.987 [info] > git for-each-ref --format=%(refname)%00%(upstream:short)%00%(objectname)%00%(upstream:track)%00%(upstream:remotename)%00%(upstream:remoteref) refs/heads/main refs/remotes/main [2ms]
2024-11-30 05:18:28.000 [info] > git status -z -uall [7ms]
2024-11-30 05:18:28.002 [info] > git for-each-ref --sort -committerdate --format %(refname) %(objectname) %(*objectname) [2ms]
2024-11-30 05:18:31.943 [info] > git config --get commit.template [4ms]
2024-11-30 05:18:31.944 [info] > git for-each-ref --format=%(refname)%00%(upstream:short)%00%(objectname)%00%(upstream:track)%00%(upstream:remotename)%00%(upstream:remoteref) refs/heads/main refs/remotes/main [1ms]
2024-11-30 05:18:31.952 [info] > git status -z -uall [3ms]
2024-11-30 05:18:31.953 [info] > git for-each-ref --sort -committerdate --format %(refname) %(objectname) %(*objectname) [1ms]
2024-11-30 05:18:33.025 [info] > git config --get commit.template [8ms]
2024-11-30 05:18:33.026 [info] > git for-each-ref --format=%(refname)%00%(upstream:short)%00%(objectname)%00%(upstream:track)%00%(upstream:remotename)%00%(upstream:remoteref) refs/heads/main refs/remotes/main [2ms]
2024-11-30 05:18:33.038 [info] > git status -z -uall [7ms]
2024-11-30 05:18:33.039 [info] > git for-each-ref --sort -committerdate --format %(refname) %(objectname) %(*objectname) [2ms]
2024-11-30 05:18:33.113 [info] > git ls-files --stage -- /home/justin_sus1/ttrockstars/_main_.py [2ms]
2024-11-30 05:18:33.119 [info] > git cat-file -s 471427831698a30f90280cc0229775d148e89c27 [1ms]
2024-11-30 05:18:33.129 [info] > git show --textconv :_main_.py [2ms]
2024-11-30 05:18:47.040 [info] > git config --get commit.template [5ms]
2024-11-30 05:18:47.041 [info] > git for-each-ref --format=%(refname)%00%(upstream:short)%00%(objectname)%00%(upstream:track)%00%(upstream:remotename)%00%(upstream:remoteref) refs/heads/main refs/remotes/main [2ms]
2024-11-30 05:18:47.053 [info] > git status -z -uall [7ms]
2024-11-30 05:18:47.054 [info] > git for-each-ref --sort -committerdate --format %(refname) %(objectname) %(*objectname) [2ms]
2024-11-30 05:18:47.062 [info] > git merge-base refs/heads/main refs/remotes/origin/main [1ms]
2024-11-30 05:18:47.068 [info] > git diff --name-status -z --diff-filter=ADMR 97c6bd3126ab3dc06a5958c8632a3abba24d15e4...refs/remotes/origin/main [1ms]
2024-11-30 05:18:48.109 [info] > git config --get commit.template [7ms]
2024-11-30 05:18:48.110 [info] > git for-each-ref --format=%(refname)%00%(upstream:short)%00%(objectname)%00%(upstream:track)%00%(upstream:remotename)%00%(upstream:remoteref) refs/heads/main refs/remotes/main [2ms]
2024-11-30 05:18:48.121 [info] > git status -z -uall [5ms]
2024-11-30 05:18:48.123 [info] > git for-each-ref --sort -committerdate --format %(refname) %(objectname) %(*objectname) [2ms]
2024-11-30 05:18:48.208 [info] > git ls-files --stage -- /home/justin_sus1/ttrockstars/_main_.py [2ms]
2024-11-30 05:18:48.213 [info] > git cat-file -s 471427831698a30f90280cc0229775d148e89c27 [1ms]
2024-11-30 05:18:48.219 [info] > git show --textconv :_main_.py [1ms]
