2024-11-30 20:19:40.645 [info] [main] Log level: Info
2024-11-30 20:19:40.645 [info] [main] Validating found git in: "git"
2024-11-30 20:19:40.645 [info] [main] Using git "2.47.1" from "git"
2024-11-30 20:19:40.645 [info] [Model][doInitialScan] Initial repository scan started
2024-11-30 20:19:40.645 [info] > git rev-parse --show-toplevel [7ms]
2024-11-30 20:19:40.645 [info] > git rev-parse --git-dir --git-common-dir [2ms]
2024-11-30 20:19:40.645 [info] [Model][openRepository] Opened repository: /home/justin_sus1/archsetup
2024-11-30 20:19:40.663 [info] > git rev-parse --show-toplevel [9ms]
2024-11-30 20:19:40.664 [info] > git config --get commit.template [14ms]
2024-11-30 20:19:40.679 [info] > git for-each-ref --format=%(refname)%00%(upstream:short)%00%(objectname)%00%(upstream:track)%00%(upstream:remotename)%00%(upstream:remoteref) refs/heads/master refs/remotes/master [3ms]
2024-11-30 20:19:40.680 [info] > git rev-parse --show-toplevel [10ms]
2024-11-30 20:19:40.699 [info] > git status -z -uall [6ms]
2024-11-30 20:19:40.699 [info] > git rev-parse --show-toplevel [14ms]
2024-11-30 20:19:40.700 [info] > git for-each-ref --sort -committerdate --format %(refname) %(objectname) %(*objectname) [3ms]
2024-11-30 20:19:40.721 [info] > git for-each-ref --format=%(refname)%00%(upstream:short)%00%(objectname)%00%(upstream:track)%00%(upstream:remotename)%00%(upstream:remoteref) refs/heads/master refs/remotes/master [11ms]
2024-11-30 20:19:40.727 [info] > git config --get commit.template [7ms]
2024-11-30 20:19:40.727 [info] > git rev-parse --show-toplevel [10ms]
2024-11-30 20:19:40.728 [info] [Model][doInitialScan] Initial repository scan completed - repositories (1), closed repositories (0), parent repositories (0), unsafe repositories (0)
2024-11-30 20:19:40.729 [info] > git config --local branch.master.vscode-merge-base [3ms]
2024-11-30 20:19:40.741 [info] > git for-each-ref --format=%(refname)%00%(upstream:short)%00%(objectname)%00%(upstream:track)%00%(upstream:remotename)%00%(upstream:remoteref) refs/heads/origin/master refs/remotes/origin/master [6ms]
2024-11-30 20:19:40.753 [info] > git merge-base refs/heads/master refs/remotes/origin/master [7ms]
2024-11-30 20:19:40.758 [info] > git for-each-ref --format=%(refname)%00%(upstream:short)%00%(objectname)%00%(upstream:track)%00%(upstream:remotename)%00%(upstream:remoteref) refs/heads/master refs/remotes/master [18ms]
2024-11-30 20:19:40.788 [info] > git diff --name-status -z --diff-filter=ADMR b5f025fc89287185f1cab980fa260f73aa39ac2a...refs/remotes/origin/master [30ms]
2024-11-30 20:19:40.803 [info] > git status -z -uall [5ms]
2024-11-30 20:19:40.804 [info] > git for-each-ref --sort -committerdate --format %(refname) %(objectname) %(*objectname) [1ms]
2024-11-30 20:19:40.951 [info] > git show --textconv :dotfiles/.config/hypr/conf/autostart.conf [5ms]
2024-11-30 20:19:40.952 [info] > git ls-files --stage -- /home/justin_sus1/archsetup/dotfiles/.config/hypr/conf/autostart.conf [1ms]
2024-11-30 20:19:40.956 [info] > git cat-file -s c8a5406d1e2ca1ba78d00cc21d946758ad3a8f09 [1ms]
2024-11-30 20:19:41.186 [info] > git check-ignore -v -z --stdin [1ms]
2024-11-30 20:19:41.864 [info] > git ls-files --stage -- /home/justin_sus1/archsetup/dotfiles/.config/hypr/conf/autostart.conf [1ms]
2024-11-30 20:19:41.870 [info] > git cat-file -s c8a5406d1e2ca1ba78d00cc21d946758ad3a8f09 [1ms]
2024-11-30 20:19:41.878 [info] > git show --textconv :dotfiles/.config/hypr/conf/autostart.conf [2ms]
2024-11-30 20:19:43.436 [info] > git fetch [2794ms]
2024-11-30 20:19:43.452 [info] > git config --get commit.template [7ms]
2024-11-30 20:19:43.453 [info] > git for-each-ref --format=%(refname)%00%(upstream:short)%00%(objectname)%00%(upstream:track)%00%(upstream:remotename)%00%(upstream:remoteref) refs/heads/master refs/remotes/master [1ms]
2024-11-30 20:19:43.465 [info] > git status -z -uall [6ms]
2024-11-30 20:19:43.466 [info] > git for-each-ref --sort -committerdate --format %(refname) %(objectname) %(*objectname) [1ms]
2024-11-30 20:19:44.388 [info] > git ls-files --stage -- /home/justin_sus1/archsetup/dotfiles/.config/hypr/conf/autostart.conf [2ms]
2024-11-30 20:19:44.394 [info] > git cat-file -s c8a5406d1e2ca1ba78d00cc21d946758ad3a8f09 [2ms]
2024-11-30 20:19:44.404 [info] > git show --textconv :dotfiles/.config/hypr/conf/autostart.conf [1ms]
2024-11-30 20:19:44.852 [info] > git show --textconv :install/arch/install_packages.sh [7ms]
2024-11-30 20:19:44.854 [info] > git ls-files --stage -- /home/justin_sus1/archsetup/install/arch/install_packages.sh [1ms]
2024-11-30 20:19:44.862 [info] > git cat-file -s e57f9cc34acf35138bb8b8f3a5077043a29154c2 [2ms]
2024-11-30 20:19:50.548 [info] > git config --get commit.template [7ms]
2024-11-30 20:19:50.550 [info] > git for-each-ref --format=%(refname)%00%(upstream:short)%00%(objectname)%00%(upstream:track)%00%(upstream:remotename)%00%(upstream:remoteref) refs/heads/master refs/remotes/master [2ms]
2024-11-30 20:19:50.562 [info] > git status -z -uall [5ms]
2024-11-30 20:19:50.564 [info] > git for-each-ref --sort -committerdate --format %(refname) %(objectname) %(*objectname) [1ms]
2024-11-30 20:19:50.640 [info] > git ls-files --stage -- /home/justin_sus1/archsetup/install/arch/install_packages.sh [2ms]
2024-11-30 20:19:50.646 [info] > git cat-file -s e57f9cc34acf35138bb8b8f3a5077043a29154c2 [1ms]
2024-11-30 20:19:50.652 [info] > git show --textconv :install/arch/install_packages.sh [1ms]
2024-11-30 20:20:01.543 [info] > git show --textconv :setup.sh [6ms]
2024-11-30 20:20:01.544 [info] > git ls-files --stage -- /home/justin_sus1/archsetup/setup.sh [2ms]
2024-11-30 20:20:01.550 [info] > git cat-file -s dd3d98f44a27ed35f0c154ce712555dd6777b70c [1ms]
2024-11-30 20:20:15.818 [info] > git config --get commit.template [8ms]
2024-11-30 20:20:15.819 [info] > git for-each-ref --format=%(refname)%00%(upstream:short)%00%(objectname)%00%(upstream:track)%00%(upstream:remotename)%00%(upstream:remoteref) refs/heads/master refs/remotes/master [2ms]
2024-11-30 20:20:15.830 [info] > git status -z -uall [5ms]
2024-11-30 20:20:15.831 [info] > git for-each-ref --sort -committerdate --format %(refname) %(objectname) %(*objectname) [2ms]
2024-11-30 20:20:45.209 [info] > git config --get commit.template [2ms]
2024-11-30 20:20:45.223 [info] > git for-each-ref --format=%(refname)%00%(upstream:short)%00%(objectname)%00%(upstream:track)%00%(upstream:remotename)%00%(upstream:remoteref) refs/heads/master refs/remotes/master [2ms]
2024-11-30 20:20:45.237 [info] > git status -z -uall [7ms]
2024-11-30 20:20:45.238 [info] > git for-each-ref --sort -committerdate --format %(refname) %(objectname) %(*objectname) [2ms]
2024-11-30 20:22:35.253 [info] > git show --textconv :dotfiles/.config/hypr/conf/backup [9ms]
2024-11-30 20:22:35.253 [info] > git ls-files --stage -- /home/justin_sus1/archsetup/dotfiles/.config/hypr/conf/backup [2ms]
2024-11-30 20:22:35.261 [info] > git cat-file -s e5c8a02c150b0c41c6ff5ab6db4a5733f80e8f5d [2ms]
2024-11-30 20:22:36.361 [info] > git show --textconv :dotfiles/.config/hypr/conf/autostart.conf [8ms]
2024-11-30 20:22:36.362 [info] > git ls-files --stage -- /home/justin_sus1/archsetup/dotfiles/.config/hypr/conf/autostart.conf [2ms]
2024-11-30 20:22:36.369 [info] > git cat-file -s c8a5406d1e2ca1ba78d00cc21d946758ad3a8f09 [2ms]
2024-11-30 20:22:44.675 [info] > git ls-files --stage -- /home/justin_sus1/archsetup/dotfiles/.config/hypr/conf/autostart.conf [1ms]
2024-11-30 20:22:44.681 [info] > git cat-file -s c8a5406d1e2ca1ba78d00cc21d946758ad3a8f09 [1ms]
2024-11-30 20:22:44.688 [info] > git show --textconv :dotfiles/.config/hypr/conf/autostart.conf [1ms]
2024-11-30 20:22:45.864 [info] > git fetch [2388ms]
2024-11-30 20:22:45.876 [info] > git config --get commit.template [6ms]
2024-11-30 20:22:45.877 [info] > git for-each-ref --format=%(refname)%00%(upstream:short)%00%(objectname)%00%(upstream:track)%00%(upstream:remotename)%00%(upstream:remoteref) refs/heads/master refs/remotes/master [2ms]
2024-11-30 20:22:45.887 [info] > git status -z -uall [4ms]
2024-11-30 20:22:45.888 [info] > git for-each-ref --sort -committerdate --format %(refname) %(objectname) %(*objectname) [1ms]
2024-11-30 20:22:46.857 [info] > git ls-files --stage -- /home/justin_sus1/archsetup/dotfiles/.config/hypr/conf/autostart.conf [1ms]
2024-11-30 20:22:46.865 [info] > git cat-file -s c8a5406d1e2ca1ba78d00cc21d946758ad3a8f09 [2ms]
2024-11-30 20:22:46.872 [info] > git show --textconv :dotfiles/.config/hypr/conf/autostart.conf [1ms]
2024-11-30 20:23:16.123 [info] > git config --get commit.template [6ms]
2024-11-30 20:23:16.123 [info] > git for-each-ref --format=%(refname)%00%(upstream:short)%00%(objectname)%00%(upstream:track)%00%(upstream:remotename)%00%(upstream:remoteref) refs/heads/master refs/remotes/master [1ms]
2024-11-30 20:23:16.135 [info] > git status -z -uall [6ms]
2024-11-30 20:23:16.136 [info] > git for-each-ref --sort -committerdate --format %(refname) %(objectname) %(*objectname) [2ms]
2024-11-30 20:23:53.610 [info] > git show --textconv :install.sh [7ms]
2024-11-30 20:23:53.610 [info] > git ls-files --stage -- /home/justin_sus1/archsetup/install.sh [1ms]
2024-11-30 20:23:53.617 [info] > git cat-file -s a78e9d1a914cda0da54dc7ebad5cc7c262a6e83d [2ms]
2024-11-30 20:24:09.876 [info] > git show --textconv :README.md [6ms]
2024-11-30 20:24:09.885 [info] > git ls-files --stage -- /home/justin_sus1/archsetup/README.md [10ms]
2024-11-30 20:24:09.896 [info] > git cat-file -s b2341df1f0bd2ea5cf55441ef926f4c2c7f951ed [6ms]
2024-11-30 20:24:15.247 [info] > git config --get commit.template [8ms]
2024-11-30 20:24:15.249 [info] > git for-each-ref --format=%(refname)%00%(upstream:short)%00%(objectname)%00%(upstream:track)%00%(upstream:remotename)%00%(upstream:remoteref) refs/heads/master refs/remotes/master [3ms]
2024-11-30 20:24:15.260 [info] > git status -z -uall [5ms]
2024-11-30 20:24:15.261 [info] > git for-each-ref --sort -committerdate --format %(refname) %(objectname) %(*objectname) [2ms]
2024-11-30 20:24:26.097 [info] > git show --textconv :setup.sh [8ms]
2024-11-30 20:24:26.097 [info] > git ls-files --stage -- /home/justin_sus1/archsetup/setup.sh [1ms]
2024-11-30 20:24:26.103 [info] > git cat-file -s dd3d98f44a27ed35f0c154ce712555dd6777b70c [1ms]
2024-11-30 20:25:35.809 [info] > git show --textconv :install/arch/library.sh [6ms]
2024-11-30 20:25:35.809 [info] > git ls-files --stage -- /home/justin_sus1/archsetup/install/arch/library.sh [1ms]
2024-11-30 20:25:35.815 [info] > git cat-file -s 7c9077060cd03169ca50c36344c2238cb920fbc5 [1ms]
2024-11-30 20:25:36.488 [info] > git show --textconv :install/arch/install_required.sh [9ms]
2024-11-30 20:25:36.489 [info] > git ls-files --stage -- /home/justin_sus1/archsetup/install/arch/install_required.sh [2ms]
2024-11-30 20:25:36.495 [info] > git cat-file -s b354a79fa6f6d2097f32c7818c8b6d89d1564d98 [1ms]
2024-11-30 20:25:38.141 [info] > git show --textconv :install/arch/install_packages.sh [7ms]
2024-11-30 20:25:38.142 [info] > git ls-files --stage -- /home/justin_sus1/archsetup/install/arch/install_packages.sh [1ms]
2024-11-30 20:25:38.147 [info] > git cat-file -s e57f9cc34acf35138bb8b8f3a5077043a29154c2 [1ms]
2024-11-30 20:26:14.754 [info] > git config --get commit.template [1ms]
2024-11-30 20:26:14.760 [info] > git for-each-ref --format=%(refname)%00%(upstream:short)%00%(objectname)%00%(upstream:track)%00%(upstream:remotename)%00%(upstream:remoteref) refs/heads/master refs/remotes/master [1ms]
2024-11-30 20:26:14.771 [info] > git status -z -uall [6ms]
2024-11-30 20:26:14.772 [info] > git for-each-ref --sort -committerdate --format %(refname) %(objectname) %(*objectname) [2ms]
2024-11-30 20:26:15.937 [info] > git ls-files --stage -- /home/justin_sus1/archsetup/install/arch/install_packages.sh [1ms]
2024-11-30 20:26:15.944 [info] > git cat-file -s e57f9cc34acf35138bb8b8f3a5077043a29154c2 [1ms]
2024-11-30 20:26:15.952 [info] > git show --textconv :install/arch/install_packages.sh [1ms]
2024-11-30 20:26:17.269 [info] > git fetch [2523ms]
2024-11-30 20:26:17.280 [info] > git config --get commit.template [1ms]
2024-11-30 20:26:17.286 [info] > git for-each-ref --format=%(refname)%00%(upstream:short)%00%(objectname)%00%(upstream:track)%00%(upstream:remotename)%00%(upstream:remoteref) refs/heads/master refs/remotes/master [1ms]
2024-11-30 20:26:17.298 [info] > git status -z -uall [7ms]
2024-11-30 20:26:17.299 [info] > git for-each-ref --sort -committerdate --format %(refname) %(objectname) %(*objectname) [2ms]
2024-11-30 20:26:18.448 [info] > git show --textconv :setup.sh [8ms]
2024-11-30 20:26:18.449 [info] > git ls-files --stage -- /home/justin_sus1/archsetup/setup.sh [1ms]
2024-11-30 20:26:18.455 [info] > git cat-file -s dd3d98f44a27ed35f0c154ce712555dd6777b70c [2ms]
2024-11-30 20:26:19.785 [info] > git config --get commit.template [2ms]
2024-11-30 20:26:19.792 [info] > git for-each-ref --format=%(refname)%00%(upstream:short)%00%(objectname)%00%(upstream:track)%00%(upstream:remotename)%00%(upstream:remoteref) refs/heads/master refs/remotes/master [1ms]
2024-11-30 20:26:19.804 [info] > git status -z -uall [6ms]
2024-11-30 20:26:19.805 [info] > git for-each-ref --sort -committerdate --format %(refname) %(objectname) %(*objectname) [1ms]
2024-11-30 20:26:20.463 [info] > git show --textconv :install/arch/install_packages.sh [9ms]
2024-11-30 20:26:20.464 [info] > git ls-files --stage -- /home/justin_sus1/archsetup/install/arch/install_packages.sh [2ms]
2024-11-30 20:26:20.470 [info] > git cat-file -s e57f9cc34acf35138bb8b8f3a5077043a29154c2 [1ms]
2024-11-30 20:26:21.392 [info] > git show --textconv :README.md [8ms]
2024-11-30 20:26:21.393 [info] > git ls-files --stage -- /home/justin_sus1/archsetup/README.md [1ms]
2024-11-30 20:26:21.399 [info] > git cat-file -s b2341df1f0bd2ea5cf55441ef926f4c2c7f951ed [1ms]
2024-11-30 20:26:22.595 [info] > git show --textconv :dotfiles/.config/hypr/conf/autostart.conf [7ms]
2024-11-30 20:26:22.596 [info] > git ls-files --stage -- /home/justin_sus1/archsetup/dotfiles/.config/hypr/conf/autostart.conf [1ms]
2024-11-30 20:26:22.604 [info] > git cat-file -s c8a5406d1e2ca1ba78d00cc21d946758ad3a8f09 [2ms]
2024-11-30 20:26:24.817 [info] > git config --get commit.template [4ms]
2024-11-30 20:26:24.818 [info] > git for-each-ref --format=%(refname)%00%(upstream:short)%00%(objectname)%00%(upstream:track)%00%(upstream:remotename)%00%(upstream:remoteref) refs/heads/master refs/remotes/master [1ms]
2024-11-30 20:26:24.828 [info] > git status -z -uall [6ms]
2024-11-30 20:26:24.829 [info] > git for-each-ref --sort -committerdate --format %(refname) %(objectname) %(*objectname) [1ms]
2024-11-30 20:27:07.550 [info] > git check-ignore -v -z --stdin [2ms]
2024-11-30 20:27:16.234 [info] > git check-ignore -v -z --stdin [2ms]
