2024-11-28 21:29:11.547 [info] [main] Log level: Info
2024-11-28 21:29:11.547 [info] [main] Validating found git in: "git"
2024-11-28 21:29:11.547 [info] [main] Using git "2.47.1" from "git"
2024-11-28 21:29:11.547 [info] [Model][doInitialScan] Initial repository scan started
2024-11-28 21:29:11.547 [info] > git rev-parse --show-toplevel [2ms]
2024-11-28 21:29:11.547 [info] > git rev-parse --git-dir --git-common-dir [0ms]
2024-11-28 21:29:11.547 [info] [Model][openRepository] Opened repository: /home/justin_sus1/ttrockstars
2024-11-28 21:29:11.547 [info] [Model][doInitialScan] Initial repository scan completed - repositories (1), closed repositories (0), parent repositories (0), unsafe repositories (0)
2024-11-28 21:29:11.551 [info] > git config --get commit.template [27ms]
2024-11-28 21:29:11.562 [info] > git for-each-ref --format=%(refname)%00%(upstream:short)%00%(objectname)%00%(upstream:track)%00%(upstream:remotename)%00%(upstream:remoteref) refs/heads/main refs/remotes/main [1ms]
2024-11-28 21:29:11.571 [info] > git status -z -uall [4ms]
2024-11-28 21:29:11.572 [info] > git for-each-ref --sort -committerdate --format %(refname) %(objectname) %(*objectname) [2ms]
2024-11-28 21:29:11.583 [info] > git for-each-ref --format=%(refname)%00%(upstream:short)%00%(objectname)%00%(upstream:track)%00%(upstream:remotename)%00%(upstream:remoteref) refs/heads/main refs/remotes/main [5ms]
2024-11-28 21:29:11.591 [info] > git config --local branch.main.vscode-merge-base [5ms]
2024-11-28 21:29:11.591 [warning] [Git][config] git config failed: Failed to execute git
2024-11-28 21:29:11.595 [info] > git config --get commit.template [11ms]
2024-11-28 21:29:11.599 [info] > git reflog main --grep-reflog=branch: Created from *. [5ms]
2024-11-28 21:29:11.603 [info] > git for-each-ref --format=%(refname)%00%(upstream:short)%00%(objectname)%00%(upstream:track)%00%(upstream:remotename)%00%(upstream:remoteref) refs/heads/main refs/remotes/main [4ms]
2024-11-28 21:29:11.603 [info] > git symbolic-ref --short refs/remotes/origin/HEAD [1ms]
2024-11-28 21:29:11.603 [info] fatal: ref refs/remotes/origin/HEAD is not a symbolic ref
2024-11-28 21:29:11.603 [warning] [Repository][getDefaultBranch] Failed to get default branch details: Failed to execute git.
2024-11-28 21:29:11.614 [info] > git merge-base refs/heads/main refs/remotes/origin/main [8ms]
2024-11-28 21:29:11.619 [info] > git diff --name-status -z --diff-filter=ADMR 97c6bd3126ab3dc06a5958c8632a3abba24d15e4...refs/remotes/origin/main [1ms]
2024-11-28 21:29:11.657 [info] > git status -z -uall [9ms]
2024-11-28 21:29:11.657 [info] > git for-each-ref --sort -committerdate --format %(refname) %(objectname) %(*objectname) [5ms]
2024-11-28 21:29:11.985 [info] > git show --textconv :_main_.py [6ms]
2024-11-28 21:29:11.986 [info] > git ls-files --stage -- /home/justin_sus1/ttrockstars/_main_.py [2ms]
2024-11-28 21:29:11.991 [info] > git cat-file -s 49bb5d3987efc989480b014f02816260dfbf3281 [1ms]
2024-11-28 21:29:12.061 [info] > git check-ignore -v -z --stdin [4ms]
