2024-11-28 20:32:07.109 [info] Reading sessions from keychain...
2024-11-28 20:32:07.109 [info] Getting sessions for all scopes...
2024-11-28 20:32:07.109 [info] Getting sessions for all scopes...
2024-11-28 20:32:07.109 [info] Got 0 sessions for ...
2024-11-28 20:32:07.109 [info] Got 0 sessions for ...
2024-11-28 20:32:07.110 [info] Getting sessions for read:user,repo,user:email,workflow...
2024-11-28 20:32:07.110 [info] Got 0 sessions for read:user,repo,user:email,workflow...
2024-11-28 20:32:08.563 [info] Getting sessions for all scopes...
2024-11-28 20:32:08.563 [info] Got 0 sessions for ...
2024-11-28 20:32:40.127 [info] Reading sessions from keychain...
2024-11-28 20:32:40.127 [info] Getting sessions for all scopes...
2024-11-28 20:32:40.127 [info] Getting sessions for all scopes...
2024-11-28 20:32:40.127 [info] Got 0 sessions for ...
2024-11-28 20:32:40.127 [info] Got 0 sessions for ...
2024-11-28 20:32:40.127 [info] Getting sessions for read:user,repo,user:email,workflow...
2024-11-28 20:32:40.127 [info] Got 0 sessions for read:user,repo,user:email,workflow...
2024-11-28 20:32:41.829 [info] Getting sessions for all scopes...
2024-11-28 20:32:41.829 [info] Got 0 sessions for ...
2024-11-28 20:35:55.943 [info] Getting sessions for read:user,repo,user:email,workflow...
2024-11-28 20:35:55.944 [info] Got 0 sessions for read:user,repo,user:email,workflow...
2024-11-28 20:35:59.282 [info] Logging in with 'any' account...
2024-11-28 20:35:59.282 [info] Logging in for the following scopes: read:user repo user:email workflow
2024-11-28 20:35:59.295 [info] Trying device code flow... (read:user repo user:email workflow)
2024-11-28 20:36:47.420 [error] User Cancelled
