2024-11-30 20:05:33.327 [info] [main] Log level: Info
2024-11-30 20:05:33.328 [info] [main] Validating found git in: "git"
2024-11-30 20:05:33.328 [info] [main] Using git "2.47.1" from "git"
2024-11-30 20:05:33.328 [info] [Model][doInitialScan] Initial repository scan started
2024-11-30 20:05:33.328 [info] > git rev-parse --show-toplevel [4ms]
2024-11-30 20:05:33.328 [info] > git rev-parse --git-dir --git-common-dir [3ms]
2024-11-30 20:05:33.328 [info] [Model][openRepository] Opened repository: /home/justin_sus1/ttrockstars
2024-11-30 20:05:33.328 [info] [Model][doInitialScan] Initial repository scan completed - repositories (1), closed repositories (0), parent repositories (0), unsafe repositories (0)
2024-11-30 20:05:33.328 [info] > git config --get commit.template [32ms]
2024-11-30 20:05:33.341 [info] > git for-each-ref --format=%(refname)%00%(upstream:short)%00%(objectname)%00%(upstream:track)%00%(upstream:remotename)%00%(upstream:remoteref) refs/heads/main refs/remotes/main [1ms]
2024-11-30 20:05:33.354 [info] > git status -z -uall [6ms]
2024-11-30 20:05:33.360 [info] > git for-each-ref --sort -committerdate --format %(refname) %(objectname) %(*objectname) [7ms]
2024-11-30 20:05:33.378 [info] > git for-each-ref --format=%(refname)%00%(upstream:short)%00%(objectname)%00%(upstream:track)%00%(upstream:remotename)%00%(upstream:remoteref) refs/heads/main refs/remotes/main [9ms]
2024-11-30 20:05:33.383 [info] > git config --local branch.main.vscode-merge-base [1ms]
2024-11-30 20:05:33.384 [warning] [Git][config] git config failed: Failed to execute git
2024-11-30 20:05:33.387 [info] > git config --get commit.template [11ms]
2024-11-30 20:05:33.389 [info] > git reflog main --grep-reflog=branch: Created from *. [2ms]
2024-11-30 20:05:33.397 [info] > git symbolic-ref --short refs/remotes/origin/HEAD [5ms]
2024-11-30 20:05:33.397 [info] fatal: ref refs/remotes/origin/HEAD is not a symbolic ref
2024-11-30 20:05:33.397 [warning] [Repository][getDefaultBranch] Failed to get default branch details: Failed to execute git.
2024-11-30 20:05:33.411 [info] > git merge-base refs/heads/main refs/remotes/origin/main [10ms]
2024-11-30 20:05:33.415 [info] > git for-each-ref --format=%(refname)%00%(upstream:short)%00%(objectname)%00%(upstream:track)%00%(upstream:remotename)%00%(upstream:remoteref) refs/heads/main refs/remotes/main [19ms]
2024-11-30 20:05:33.422 [info] > git status -z -uall [4ms]
2024-11-30 20:05:33.423 [info] > git diff --name-status -z --diff-filter=ADMR 4bb9f107afac89252c865c4d83a88ce64d87fe3b...refs/remotes/origin/main [9ms]
2024-11-30 20:05:33.423 [info] > git for-each-ref --sort -committerdate --format %(refname) %(objectname) %(*objectname) [1ms]
2024-11-30 20:05:33.640 [info] > git show --textconv :_main_.py [5ms]
2024-11-30 20:05:33.641 [info] > git ls-files --stage -- /home/justin_sus1/ttrockstars/_main_.py [1ms]
2024-11-30 20:05:33.645 [info] > git cat-file -s 80969dac15afee1d5a749b883220fd4dd0809384 [1ms]
2024-11-30 20:05:33.838 [info] > git check-ignore -v -z --stdin [3ms]
2024-11-30 20:05:42.011 [info] [main] Log level: Info
2024-11-30 20:05:42.011 [info] [main] Validating found git in: "git"
2024-11-30 20:05:42.011 [info] [main] Using git "2.47.1" from "git"
2024-11-30 20:05:42.011 [info] [Model][doInitialScan] Initial repository scan started
2024-11-30 20:05:42.011 [info] > git rev-parse --show-toplevel [7ms]
2024-11-30 20:05:42.016 [info] > git rev-parse --git-dir --git-common-dir [1ms]
2024-11-30 20:05:42.023 [info] [Model][openRepository] Opened repository: /home/justin_sus1/archsetup
2024-11-30 20:05:42.039 [info] > git rev-parse --show-toplevel [7ms]
2024-11-30 20:05:42.040 [info] > git config --get commit.template [11ms]
2024-11-30 20:05:42.053 [info] > git rev-parse --show-toplevel [6ms]
2024-11-30 20:05:42.059 [info] > git for-each-ref --format=%(refname)%00%(upstream:short)%00%(objectname)%00%(upstream:track)%00%(upstream:remotename)%00%(upstream:remoteref) refs/heads/master refs/remotes/master [7ms]
2024-11-30 20:05:42.059 [info] > git rev-parse --show-toplevel [1ms]
2024-11-30 20:05:42.073 [info] > git status -z -uall [5ms]
2024-11-30 20:05:42.073 [info] > git rev-parse --show-toplevel [10ms]
2024-11-30 20:05:42.073 [info] [Model][doInitialScan] Initial repository scan completed - repositories (1), closed repositories (0), parent repositories (0), unsafe repositories (0)
2024-11-30 20:05:42.076 [info] > git for-each-ref --sort -committerdate --format %(refname) %(objectname) %(*objectname) [4ms]
2024-11-30 20:05:42.088 [info] > git for-each-ref --format=%(refname)%00%(upstream:short)%00%(objectname)%00%(upstream:track)%00%(upstream:remotename)%00%(upstream:remoteref) refs/heads/master refs/remotes/master [6ms]
2024-11-30 20:05:42.094 [info] > git config --local branch.master.vscode-merge-base [2ms]
2024-11-30 20:05:42.098 [info] > git config --get commit.template [10ms]
2024-11-30 20:05:42.125 [info] > git for-each-ref --format=%(refname)%00%(upstream:short)%00%(objectname)%00%(upstream:track)%00%(upstream:remotename)%00%(upstream:remoteref) refs/heads/origin/master refs/remotes/origin/master [27ms]
2024-11-30 20:05:42.138 [info] > git merge-base refs/heads/master refs/remotes/origin/master [8ms]
2024-11-30 20:05:42.143 [info] > git for-each-ref --format=%(refname)%00%(upstream:short)%00%(objectname)%00%(upstream:track)%00%(upstream:remotename)%00%(upstream:remoteref) refs/heads/master refs/remotes/master [18ms]
2024-11-30 20:05:42.143 [info] > git diff --name-status -z --diff-filter=ADMR e967d0a6597c50e4c8fd6c736dd32f158c326333...refs/remotes/origin/master [0ms]
2024-11-30 20:05:42.153 [info] > git status -z -uall [4ms]
2024-11-30 20:05:42.154 [info] > git for-each-ref --sort -committerdate --format %(refname) %(objectname) %(*objectname) [1ms]
2024-11-30 20:05:42.355 [info] > git show --textconv :dotfiles/.config/hypr/conf/autostart.conf [9ms]
2024-11-30 20:05:42.355 [info] > git ls-files --stage -- /home/justin_sus1/archsetup/dotfiles/.config/hypr/conf/autostart.conf [3ms]
2024-11-30 20:05:42.360 [info] > git cat-file -s c8a5406d1e2ca1ba78d00cc21d946758ad3a8f09 [1ms]
2024-11-30 20:05:42.552 [info] > git check-ignore -v -z --stdin [2ms]
2024-11-30 20:05:47.645 [info] > git check-ignore -v -z --stdin [2ms]
2024-11-30 20:05:48.788 [info] > git check-ignore -v -z --stdin [1ms]
2024-11-30 20:05:49.319 [info] > git show --textconv :install/arch/install_packages.sh [5ms]
2024-11-30 20:05:49.320 [info] > git ls-files --stage -- /home/justin_sus1/archsetup/install/arch/install_packages.sh [1ms]
2024-11-30 20:05:49.325 [info] > git cat-file -s a7a5656d967c4ff1dfc15f223af623e6d22456df [1ms]
2024-11-30 20:05:52.097 [info] > git show --textconv :install/arch/library.sh [7ms]
2024-11-30 20:05:52.098 [info] > git ls-files --stage -- /home/justin_sus1/archsetup/install/arch/library.sh [2ms]
2024-11-30 20:05:52.103 [info] > git cat-file -s 7c9077060cd03169ca50c36344c2238cb920fbc5 [1ms]
2024-11-30 20:05:52.686 [info] > git show --textconv :install/arch/install_required.sh [10ms]
2024-11-30 20:05:52.687 [info] > git ls-files --stage -- /home/justin_sus1/archsetup/install/arch/install_required.sh [1ms]
2024-11-30 20:05:52.690 [info] > git cat-file -s b354a79fa6f6d2097f32c7818c8b6d89d1564d98 [0ms]
2024-11-30 20:05:54.536 [info] > git show --textconv :install/arch/library.sh [8ms]
2024-11-30 20:05:54.537 [info] > git ls-files --stage -- /home/justin_sus1/archsetup/install/arch/library.sh [1ms]
2024-11-30 20:05:54.543 [info] > git cat-file -s 7c9077060cd03169ca50c36344c2238cb920fbc5 [2ms]
2024-11-30 20:05:57.287 [info] > git show --textconv :install/arch/install_packages.sh [7ms]
2024-11-30 20:05:57.287 [info] > git ls-files --stage -- /home/justin_sus1/archsetup/install/arch/install_packages.sh [1ms]
2024-11-30 20:05:57.294 [info] > git cat-file -s a7a5656d967c4ff1dfc15f223af623e6d22456df [1ms]
2024-11-30 20:07:31.511 [info] > git config --get commit.template [2ms]
2024-11-30 20:07:31.521 [info] > git for-each-ref --format=%(refname)%00%(upstream:short)%00%(objectname)%00%(upstream:track)%00%(upstream:remotename)%00%(upstream:remoteref) refs/heads/master refs/remotes/master [3ms]
2024-11-30 20:07:31.535 [info] > git status -z -uall [8ms]
2024-11-30 20:07:31.535 [info] > git for-each-ref --sort -committerdate --format %(refname) %(objectname) %(*objectname) [2ms]
2024-11-30 20:09:51.040 [info] > git config --get commit.template [7ms]
2024-11-30 20:09:51.040 [info] > git for-each-ref --format=%(refname)%00%(upstream:short)%00%(objectname)%00%(upstream:track)%00%(upstream:remotename)%00%(upstream:remoteref) refs/heads/master refs/remotes/master [2ms]
2024-11-30 20:09:51.053 [info] > git status -z -uall [7ms]
2024-11-30 20:09:51.054 [info] > git for-each-ref --sort -committerdate --format %(refname) %(objectname) %(*objectname) [2ms]
2024-11-30 20:09:59.088 [info] > git show --textconv :CODE_OF_CONDUCT.md [6ms]
2024-11-30 20:09:59.089 [info] > git ls-files --stage -- /home/justin_sus1/archsetup/CODE_OF_CONDUCT.md [1ms]
2024-11-30 20:09:59.094 [info] > git cat-file -s 28d98b7d73ccaaf5d149001faf3ba1ed8dc9a916 [1ms]
2024-11-30 20:10:01.677 [info] > git check-ignore -v -z --stdin [1ms]
2024-11-30 20:10:02.679 [info] > git show --textconv :install/includes/reboot.sh [7ms]
2024-11-30 20:10:02.680 [info] > git ls-files --stage -- /home/justin_sus1/archsetup/install/includes/reboot.sh [1ms]
2024-11-30 20:10:02.686 [info] > git cat-file -s 853060445a47a02211a7ddd62c8288413fd7e5bf [1ms]
2024-11-30 20:10:03.169 [info] > git show --textconv :install/includes/header.sh [5ms]
2024-11-30 20:10:03.170 [info] > git ls-files --stage -- /home/justin_sus1/archsetup/install/includes/header.sh [1ms]
2024-11-30 20:10:03.176 [info] > git cat-file -s e4cb81e1fb79c41d082b59bf25076099d58daa67 [1ms]
2024-11-30 20:10:03.570 [info] > git show --textconv :install/includes/copy.sh [11ms]
2024-11-30 20:10:03.572 [info] > git ls-files --stage -- /home/justin_sus1/archsetup/install/includes/copy.sh [3ms]
2024-11-30 20:10:03.579 [info] > git cat-file -s 139f1789699a45bcbb63b8d4db43e376dfe14f2e [1ms]
2024-11-30 20:11:25.806 [info] > git show --textconv :install/includes/restore.sh [7ms]
2024-11-30 20:11:25.806 [info] > git ls-files --stage -- /home/justin_sus1/archsetup/install/includes/restore.sh [1ms]
2024-11-30 20:11:25.812 [info] > git cat-file -s e606dd18ea04ead9edde104750a00e074d8b64e0 [2ms]
2024-11-30 20:11:26.918 [info] > git show --textconv :install/includes/reboot.sh [7ms]
2024-11-30 20:11:26.918 [info] > git ls-files --stage -- /home/justin_sus1/archsetup/install/includes/reboot.sh [1ms]
2024-11-30 20:11:26.924 [info] > git cat-file -s 853060445a47a02211a7ddd62c8288413fd7e5bf [1ms]
2024-11-30 20:11:28.321 [info] > git show --textconv :install.sh [6ms]
2024-11-30 20:11:28.322 [info] > git ls-files --stage -- /home/justin_sus1/archsetup/install.sh [1ms]
2024-11-30 20:11:28.327 [info] > git cat-file -s a78e9d1a914cda0da54dc7ebad5cc7c262a6e83d [1ms]
2024-11-30 20:11:30.919 [info] > git show --textconv :setup.sh [6ms]
2024-11-30 20:11:30.919 [info] > git ls-files --stage -- /home/justin_sus1/archsetup/setup.sh [1ms]
2024-11-30 20:11:30.925 [info] > git cat-file -s 9742f88640f0b9e1d9aea2a6d0d478b3ac865f45 [1ms]
2024-11-30 20:11:41.535 [info] > git show --textconv :README.md [5ms]
2024-11-30 20:11:41.536 [info] > git ls-files --stage -- /home/justin_sus1/archsetup/README.md [1ms]
2024-11-30 20:11:41.540 [info] > git cat-file -s 3f69a5a1da58e1bcb0a78324a9aa04f89a2dde70 [1ms]
2024-11-30 20:12:08.429 [info] > git config --get commit.template [9ms]
2024-11-30 20:12:08.429 [info] > git for-each-ref --format=%(refname)%00%(upstream:short)%00%(objectname)%00%(upstream:track)%00%(upstream:remotename)%00%(upstream:remoteref) refs/heads/master refs/remotes/master [2ms]
2024-11-30 20:12:08.438 [info] > git status -z -uall [4ms]
2024-11-30 20:12:08.439 [info] > git for-each-ref --sort -committerdate --format %(refname) %(objectname) %(*objectname) [1ms]
2024-11-30 20:12:14.236 [info] > git config --get commit.template [1ms]
2024-11-30 20:12:14.241 [info] > git for-each-ref --format=%(refname)%00%(upstream:short)%00%(objectname)%00%(upstream:track)%00%(upstream:remotename)%00%(upstream:remoteref) refs/heads/master refs/remotes/master [1ms]
2024-11-30 20:12:14.249 [info] > git status -z -uall [4ms]
2024-11-30 20:12:14.250 [info] > git for-each-ref --sort -committerdate --format %(refname) %(objectname) %(*objectname) [1ms]
2024-11-30 20:12:20.499 [info] > git show --textconv :setup.sh [7ms]
2024-11-30 20:12:20.500 [info] > git ls-files --stage -- /home/justin_sus1/archsetup/setup.sh [2ms]
2024-11-30 20:12:20.505 [info] > git cat-file -s 9742f88640f0b9e1d9aea2a6d0d478b3ac865f45 [1ms]
2024-11-30 20:13:03.132 [info] > git config --get commit.template [8ms]
2024-11-30 20:13:03.133 [info] > git for-each-ref --format=%(refname)%00%(upstream:short)%00%(objectname)%00%(upstream:track)%00%(upstream:remotename)%00%(upstream:remoteref) refs/heads/master refs/remotes/master [2ms]
2024-11-30 20:13:03.143 [info] > git status -z -uall [4ms]
2024-11-30 20:13:03.144 [info] > git for-each-ref --sort -committerdate --format %(refname) %(objectname) %(*objectname) [1ms]
2024-11-30 20:13:13.137 [info] > git config --get commit.template [2ms]
2024-11-30 20:13:13.144 [info] > git for-each-ref --format=%(refname)%00%(upstream:short)%00%(objectname)%00%(upstream:track)%00%(upstream:remotename)%00%(upstream:remoteref) refs/heads/master refs/remotes/master [2ms]
2024-11-30 20:13:13.153 [info] > git status -z -uall [4ms]
2024-11-30 20:13:13.154 [info] > git for-each-ref --sort -committerdate --format %(refname) %(objectname) %(*objectname) [1ms]
2024-11-30 20:13:13.240 [info] > git ls-files --stage -- /home/justin_sus1/archsetup/setup.sh [2ms]
2024-11-30 20:13:13.247 [info] > git cat-file -s 9742f88640f0b9e1d9aea2a6d0d478b3ac865f45 [1ms]
2024-11-30 20:13:13.254 [info] > git show --textconv :setup.sh [1ms]
2024-11-30 20:13:19.321 [info] > git config --get commit.template [6ms]
2024-11-30 20:13:19.321 [info] > git for-each-ref --format=%(refname)%00%(upstream:short)%00%(objectname)%00%(upstream:track)%00%(upstream:remotename)%00%(upstream:remoteref) refs/heads/master refs/remotes/master [1ms]
2024-11-30 20:13:19.332 [info] > git status -z -uall [5ms]
2024-11-30 20:13:19.332 [info] > git for-each-ref --sort -committerdate --format %(refname) %(objectname) %(*objectname) [1ms]
2024-11-30 20:13:20.386 [info] > git config --get commit.template [1ms]
2024-11-30 20:13:20.395 [info] > git for-each-ref --format=%(refname)%00%(upstream:short)%00%(objectname)%00%(upstream:track)%00%(upstream:remotename)%00%(upstream:remoteref) refs/heads/master refs/remotes/master [3ms]
2024-11-30 20:13:20.405 [info] > git status -z -uall [5ms]
2024-11-30 20:13:20.406 [info] > git for-each-ref --sort -committerdate --format %(refname) %(objectname) %(*objectname) [1ms]
2024-11-30 20:13:20.493 [info] > git ls-files --stage -- /home/justin_sus1/archsetup/setup.sh [1ms]
2024-11-30 20:13:20.501 [info] > git cat-file -s 9742f88640f0b9e1d9aea2a6d0d478b3ac865f45 [2ms]
2024-11-30 20:13:20.511 [info] > git show --textconv :setup.sh [2ms]
2024-11-30 20:13:27.976 [info] > git config --get commit.template [1ms]
2024-11-30 20:13:27.983 [info] > git for-each-ref --format=%(refname)%00%(upstream:short)%00%(objectname)%00%(upstream:track)%00%(upstream:remotename)%00%(upstream:remoteref) refs/heads/master refs/remotes/master [2ms]
2024-11-30 20:13:27.992 [info] > git status -z -uall [5ms]
2024-11-30 20:13:27.993 [info] > git for-each-ref --sort -committerdate --format %(refname) %(objectname) %(*objectname) [0ms]
2024-11-30 20:13:28.000 [info] > git merge-base refs/heads/master refs/remotes/origin/master [2ms]
2024-11-30 20:13:28.006 [info] > git diff --name-status -z --diff-filter=ADMR e967d0a6597c50e4c8fd6c736dd32f158c326333...refs/remotes/origin/master [1ms]
2024-11-30 20:13:29.037 [info] > git config --get commit.template [4ms]
2024-11-30 20:13:29.038 [info] > git for-each-ref --format=%(refname)%00%(upstream:short)%00%(objectname)%00%(upstream:track)%00%(upstream:remotename)%00%(upstream:remoteref) refs/heads/master refs/remotes/master [2ms]
2024-11-30 20:13:29.047 [info] > git status -z -uall [4ms]
2024-11-30 20:13:29.048 [info] > git for-each-ref --sort -committerdate --format %(refname) %(objectname) %(*objectname) [1ms]
2024-11-30 20:13:29.139 [info] > git ls-files --stage -- /home/justin_sus1/archsetup/setup.sh [2ms]
2024-11-30 20:13:29.146 [info] > git cat-file -s 9742f88640f0b9e1d9aea2a6d0d478b3ac865f45 [2ms]
2024-11-30 20:13:29.153 [info] > git show --textconv :setup.sh [2ms]
2024-11-30 20:14:04.505 [info] > git config --get commit.template [4ms]
2024-11-30 20:14:04.506 [info] > git for-each-ref --format=%(refname)%00%(upstream:short)%00%(objectname)%00%(upstream:track)%00%(upstream:remotename)%00%(upstream:remoteref) refs/heads/master refs/remotes/master [1ms]
2024-11-30 20:14:04.514 [info] > git status -z -uall [4ms]
2024-11-30 20:14:04.515 [info] > git for-each-ref --sort -committerdate --format %(refname) %(objectname) %(*objectname) [1ms]
2024-11-30 20:14:04.599 [info] > git ls-files --stage -- /home/justin_sus1/archsetup/setup.sh [2ms]
2024-11-30 20:14:04.606 [info] > git cat-file -s 9742f88640f0b9e1d9aea2a6d0d478b3ac865f45 [2ms]
2024-11-30 20:14:04.613 [info] > git show --textconv :setup.sh [2ms]
2024-11-30 20:14:05.422 [info] > git show --textconv :install/arch/install_packages.sh [8ms]
2024-11-30 20:14:05.422 [info] > git ls-files --stage -- /home/justin_sus1/archsetup/install/arch/install_packages.sh [2ms]
2024-11-30 20:14:05.429 [info] > git cat-file -s e57f9cc34acf35138bb8b8f3a5077043a29154c2 [2ms]
2024-11-30 20:14:15.396 [info] > git config --get commit.template [6ms]
2024-11-30 20:14:15.396 [info] > git for-each-ref --format=%(refname)%00%(upstream:short)%00%(objectname)%00%(upstream:track)%00%(upstream:remotename)%00%(upstream:remoteref) refs/heads/master refs/remotes/master [1ms]
2024-11-30 20:14:15.408 [info] > git status -z -uall [6ms]
2024-11-30 20:14:15.409 [info] > git for-each-ref --sort -committerdate --format %(refname) %(objectname) %(*objectname) [1ms]
2024-11-30 20:14:15.418 [info] > git merge-base refs/heads/master refs/remotes/origin/master [1ms]
2024-11-30 20:14:15.425 [info] > git diff --name-status -z --diff-filter=ADMR e967d0a6597c50e4c8fd6c736dd32f158c326333...refs/remotes/origin/master [2ms]
2024-11-30 20:14:15.495 [info] > git ls-files --stage -- /home/justin_sus1/archsetup/install/arch/install_packages.sh [1ms]
2024-11-30 20:14:15.501 [info] > git cat-file -s e57f9cc34acf35138bb8b8f3a5077043a29154c2 [1ms]
2024-11-30 20:14:15.509 [info] > git show --textconv :install/arch/install_packages.sh [1ms]
2024-11-30 20:14:20.431 [info] > git config --get commit.template [6ms]
2024-11-30 20:14:20.431 [info] > git for-each-ref --format=%(refname)%00%(upstream:short)%00%(objectname)%00%(upstream:track)%00%(upstream:remotename)%00%(upstream:remoteref) refs/heads/master refs/remotes/master [1ms]
2024-11-30 20:14:20.442 [info] > git status -z -uall [6ms]
2024-11-30 20:14:20.443 [info] > git for-each-ref --sort -committerdate --format %(refname) %(objectname) %(*objectname) [1ms]
2024-11-30 20:14:22.696 [info] > git config --get commit.template [5ms]
2024-11-30 20:14:22.698 [info] > git for-each-ref --format=%(refname)%00%(upstream:short)%00%(objectname)%00%(upstream:track)%00%(upstream:remotename)%00%(upstream:remoteref) refs/heads/master refs/remotes/master [2ms]
2024-11-30 20:14:22.708 [info] > git status -z -uall [5ms]
2024-11-30 20:14:22.709 [info] > git for-each-ref --sort -committerdate --format %(refname) %(objectname) %(*objectname) [2ms]
2024-11-30 20:14:23.862 [info] > git ls-files --stage -- /home/justin_sus1/archsetup/install/arch/install_packages.sh [1ms]
2024-11-30 20:14:23.869 [info] > git cat-file -s e57f9cc34acf35138bb8b8f3a5077043a29154c2 [1ms]
2024-11-30 20:14:23.876 [info] > git show --textconv :install/arch/install_packages.sh [1ms]
2024-11-30 20:14:25.470 [info] > git config --get commit.template [9ms]
2024-11-30 20:14:25.471 [info] > git for-each-ref --format=%(refname)%00%(upstream:short)%00%(objectname)%00%(upstream:track)%00%(upstream:remotename)%00%(upstream:remoteref) refs/heads/master refs/remotes/master [2ms]
2024-11-30 20:14:25.483 [info] > git status -z -uall [6ms]
2024-11-30 20:14:25.483 [info] > git for-each-ref --sort -committerdate --format %(refname) %(objectname) %(*objectname) [1ms]
2024-11-30 20:14:25.916 [info] > git ls-files --stage -- /home/justin_sus1/archsetup/install/arch/install_packages.sh [0ms]
2024-11-30 20:14:25.921 [info] > git cat-file -s e57f9cc34acf35138bb8b8f3a5077043a29154c2 [1ms]
2024-11-30 20:14:25.930 [info] > git show --textconv :install/arch/install_packages.sh [1ms]
2024-11-30 20:14:30.500 [info] > git config --get commit.template [6ms]
2024-11-30 20:14:30.501 [info] > git for-each-ref --format=%(refname)%00%(upstream:short)%00%(objectname)%00%(upstream:track)%00%(upstream:remotename)%00%(upstream:remoteref) refs/heads/master refs/remotes/master [1ms]
2024-11-30 20:14:30.512 [info] > git status -z -uall [6ms]
2024-11-30 20:14:30.513 [info] > git for-each-ref --sort -committerdate --format %(refname) %(objectname) %(*objectname) [1ms]
2024-11-30 20:16:10.521 [info] > git config --get commit.template [13ms]
2024-11-30 20:16:10.529 [info] > git ls-files --stage -- /home/justin_sus1/archsetup/install/arch/install_packages.sh [9ms]
2024-11-30 20:16:10.535 [info] > git for-each-ref --format=%(refname)%00%(upstream:short)%00%(objectname)%00%(upstream:track)%00%(upstream:remotename)%00%(upstream:remoteref) refs/heads/master refs/remotes/master [7ms]
2024-11-30 20:16:10.536 [info] > git cat-file -s e57f9cc34acf35138bb8b8f3a5077043a29154c2 [1ms]
2024-11-30 20:16:10.549 [info] > git status -z -uall [7ms]
2024-11-30 20:16:10.550 [info] > git for-each-ref --sort -committerdate --format %(refname) %(objectname) %(*objectname) [2ms]
2024-11-30 20:16:10.558 [info] > git show --textconv :install/arch/install_packages.sh [2ms]
2024-11-30 20:16:11.739 [info] > git ls-files --stage -- /home/justin_sus1/archsetup/install/arch/install_packages.sh [1ms]
2024-11-30 20:16:11.746 [info] > git cat-file -s e57f9cc34acf35138bb8b8f3a5077043a29154c2 [1ms]
2024-11-30 20:16:11.753 [info] > git show --textconv :install/arch/install_packages.sh [1ms]
2024-11-30 20:16:15.573 [info] > git config --get commit.template [5ms]
2024-11-30 20:16:15.574 [info] > git for-each-ref --format=%(refname)%00%(upstream:short)%00%(objectname)%00%(upstream:track)%00%(upstream:remotename)%00%(upstream:remoteref) refs/heads/master refs/remotes/master [2ms]
2024-11-30 20:16:15.585 [info] > git status -z -uall [6ms]
2024-11-30 20:16:15.586 [info] > git for-each-ref --sort -committerdate --format %(refname) %(objectname) %(*objectname) [2ms]
2024-11-30 20:16:15.593 [info] > git merge-base refs/heads/master refs/remotes/origin/master [1ms]
2024-11-30 20:16:15.599 [info] > git diff --name-status -z --diff-filter=ADMR e967d0a6597c50e4c8fd6c736dd32f158c326333...refs/remotes/origin/master [2ms]
2024-11-30 20:16:35.211 [info] > git config --get commit.template [6ms]
2024-11-30 20:16:35.212 [info] > git for-each-ref --format=%(refname)%00%(upstream:short)%00%(objectname)%00%(upstream:track)%00%(upstream:remotename)%00%(upstream:remoteref) refs/heads/master refs/remotes/master [2ms]
2024-11-30 20:16:35.223 [info] > git status -z -uall [6ms]
2024-11-30 20:16:35.224 [info] > git for-each-ref --sort -committerdate --format %(refname) %(objectname) %(*objectname) [1ms]
2024-11-30 20:16:35.304 [info] > git ls-files --stage -- /home/justin_sus1/archsetup/install/arch/install_packages.sh [1ms]
2024-11-30 20:16:35.311 [info] > git cat-file -s e57f9cc34acf35138bb8b8f3a5077043a29154c2 [1ms]
2024-11-30 20:16:35.319 [info] > git show --textconv :install/arch/install_packages.sh [2ms]
2024-11-30 20:16:38.682 [info] > git ls-files --stage -- /home/justin_sus1/archsetup/install/arch/install_packages.sh [2ms]
2024-11-30 20:16:38.692 [info] > git cat-file -s a7a5656d967c4ff1dfc15f223af623e6d22456df [2ms]
2024-11-30 20:16:38.713 [info] > git show --textconv :install/arch/install_packages.sh [2ms]
2024-11-30 20:16:40.240 [info] > git for-each-ref --format=%(refname)%00%(upstream:short)%00%(objectname)%00%(upstream:track)%00%(upstream:remotename)%00%(upstream:remoteref) refs/heads/master refs/remotes/master [2ms]
2024-11-30 20:16:40.256 [info] > git status -z -uall [7ms]
2024-11-30 20:16:40.257 [info] > git for-each-ref --sort -committerdate --format %(refname) %(objectname) %(*objectname) [2ms]
2024-11-30 20:16:42.817 [info] > git show -s --decorate=full --shortstat --format=%H%n%aN%n%aE%n%at%n%ct%n%P%n%D%n%B -z MERGE_HEAD [10ms]
2024-11-30 20:16:42.818 [info] > git show -s --decorate=full --shortstat --format=%H%n%aN%n%aE%n%at%n%ct%n%P%n%D%n%B -z HEAD [18ms]
2024-11-30 20:16:42.819 [info] > git diff --name-status -z --diff-filter=ADMR MERGE_HEAD...HEAD [2ms]
2024-11-30 20:16:42.905 [info] > git show --textconv :1:install/arch/install_packages.sh [28ms]
2024-11-30 20:16:42.905 [info] > git show --textconv eaabb3182ea1271cc5a91a6d38403954f5a02dad:install/arch/install_packages.sh [23ms]
2024-11-30 20:16:42.906 [info] > git show --textconv c21b927b6d846252a94c7c6a6053053dec10c71d:install/arch/install_packages.sh [18ms]
2024-11-30 20:16:42.906 [info] > git ls-tree -l eaabb3182ea1271cc5a91a6d38403954f5a02dad -- /home/justin_sus1/archsetup/install/arch/install_packages.sh [6ms]
2024-11-30 20:16:42.906 [info] > git ls-tree -l :1 -- /home/justin_sus1/archsetup/install/arch/install_packages.sh [14ms]
2024-11-30 20:16:42.906 [info] fatal: Not a valid object name :1
2024-11-30 20:16:42.907 [info] > git ls-tree -l c21b927b6d846252a94c7c6a6053053dec10c71d -- /home/justin_sus1/archsetup/install/arch/install_packages.sh [2ms]
2024-11-30 20:16:57.242 [info] > git for-each-ref --format=%(refname)%00%(upstream:short)%00%(objectname)%00%(upstream:track)%00%(upstream:remotename)%00%(upstream:remoteref) refs/heads/master refs/remotes/master [1ms]
2024-11-30 20:16:57.255 [info] > git status -z -uall [6ms]
2024-11-30 20:16:57.256 [info] > git for-each-ref --sort -committerdate --format %(refname) %(objectname) %(*objectname) [1ms]
2024-11-30 20:17:18.497 [info] > git for-each-ref --format=%(refname)%00%(upstream:short)%00%(objectname)%00%(upstream:track)%00%(upstream:remotename)%00%(upstream:remoteref) refs/heads/master refs/remotes/master [2ms]
2024-11-30 20:17:18.508 [info] > git status -z -uall [5ms]
2024-11-30 20:17:18.509 [info] > git for-each-ref --sort -committerdate --format %(refname) %(objectname) %(*objectname) [1ms]
2024-11-30 20:17:25.471 [info] > git for-each-ref --format=%(refname)%00%(upstream:short)%00%(objectname)%00%(upstream:track)%00%(upstream:remotename)%00%(upstream:remoteref) refs/heads/master refs/remotes/master [3ms]
2024-11-30 20:17:25.485 [info] > git status -z -uall [6ms]
2024-11-30 20:17:25.486 [info] > git for-each-ref --sort -committerdate --format %(refname) %(objectname) %(*objectname) [2ms]
2024-11-30 20:17:26.030 [info] > git show --textconv :setup.sh [6ms]
2024-11-30 20:17:26.031 [info] > git ls-files --stage -- /home/justin_sus1/archsetup/setup.sh [1ms]
2024-11-30 20:17:26.036 [info] > git cat-file -s dd3d98f44a27ed35f0c154ce712555dd6777b70c [2ms]
2024-11-30 20:17:27.297 [info] > git show --textconv :install/includes/library.sh [6ms]
2024-11-30 20:17:27.297 [info] > git ls-files --stage -- /home/justin_sus1/archsetup/install/includes/library.sh [1ms]
2024-11-30 20:17:27.303 [info] > git cat-file -s b1aab2b313dc601639f4b4051ce6afc785696387 [1ms]
2024-11-30 20:17:27.884 [info] > git show --textconv :install/includes/backup.sh [6ms]
2024-11-30 20:17:27.885 [info] > git ls-files --stage -- /home/justin_sus1/archsetup/install/includes/backup.sh [1ms]
2024-11-30 20:17:27.891 [info] > git cat-file -s 0cbf1792963a021361654619436b3bc1fdbb2d0d [1ms]
2024-11-30 20:17:29.026 [info] > git show --textconv :setup.sh [6ms]
2024-11-30 20:17:29.027 [info] > git ls-files --stage -- /home/justin_sus1/archsetup/setup.sh [2ms]
2024-11-30 20:17:29.034 [info] > git cat-file -s dd3d98f44a27ed35f0c154ce712555dd6777b70c [1ms]
2024-11-30 20:17:33.280 [info] > git show --textconv :README.md [6ms]
2024-11-30 20:17:33.280 [info] > git ls-files --stage -- /home/justin_sus1/archsetup/README.md [1ms]
2024-11-30 20:17:33.287 [info] > git cat-file -s b2341df1f0bd2ea5cf55441ef926f4c2c7f951ed [1ms]
2024-11-30 20:17:35.477 [info] > git for-each-ref --format=%(refname)%00%(upstream:short)%00%(objectname)%00%(upstream:track)%00%(upstream:remotename)%00%(upstream:remoteref) refs/heads/master refs/remotes/master [2ms]
2024-11-30 20:17:35.487 [info] > git status -z -uall [5ms]
2024-11-30 20:17:35.488 [info] > git for-each-ref --sort -committerdate --format %(refname) %(objectname) %(*objectname) [1ms]
2024-11-30 20:18:06.790 [info] > git show -s --decorate=full --shortstat --format=%H%n%aN%n%aE%n%at%n%ct%n%P%n%D%n%B -z MERGE_HEAD [6ms]
2024-11-30 20:18:06.791 [info] > git show -s --decorate=full --shortstat --format=%H%n%aN%n%aE%n%at%n%ct%n%P%n%D%n%B -z HEAD [13ms]
2024-11-30 20:18:06.791 [info] > git diff --name-status -z --diff-filter=ADMR MERGE_HEAD...HEAD [1ms]
2024-11-30 20:18:06.851 [info] > git show --textconv :1:install/arch/install_packages.sh [29ms]
2024-11-30 20:18:06.851 [info] > git show --textconv eaabb3182ea1271cc5a91a6d38403954f5a02dad:install/arch/install_packages.sh [22ms]
2024-11-30 20:18:06.851 [info] > git show --textconv c21b927b6d846252a94c7c6a6053053dec10c71d:install/arch/install_packages.sh [16ms]
2024-11-30 20:18:06.851 [info] > git ls-tree -l eaabb3182ea1271cc5a91a6d38403954f5a02dad -- /home/justin_sus1/archsetup/install/arch/install_packages.sh [6ms]
2024-11-30 20:18:06.852 [info] > git ls-tree -l :1 -- /home/justin_sus1/archsetup/install/arch/install_packages.sh [12ms]
2024-11-30 20:18:06.852 [info] fatal: Not a valid object name :1
2024-11-30 20:18:06.853 [info] > git ls-tree -l c21b927b6d846252a94c7c6a6053053dec10c71d -- /home/justin_sus1/archsetup/install/arch/install_packages.sh [3ms]
2024-11-30 20:18:09.524 [info] > git add -A -- /home/justin_sus1/archsetup/install/arch/install_packages.sh [2ms]
2024-11-30 20:18:09.533 [info] > git for-each-ref --format=%(refname)%00%(upstream:short)%00%(objectname)%00%(upstream:track)%00%(upstream:remotename)%00%(upstream:remoteref) refs/heads/master refs/remotes/master [2ms]
2024-11-30 20:18:09.546 [info] > git status -z -uall [7ms]
2024-11-30 20:18:09.547 [info] > git for-each-ref --sort -committerdate --format %(refname) %(objectname) %(*objectname) [1ms]
2024-11-30 20:18:09.600 [info] > git log --format=%H%n%aN%n%aE%n%at%n%ct%n%P%n%D%n%B -z --shortstat --diff-merges=first-parent -n50 --skip=0 --topo-order --decorate=full --stdin [11ms]
2024-11-30 20:18:09.882 [info] > git show --textconv :README.md [8ms]
2024-11-30 20:18:09.883 [info] > git ls-files --stage -- /home/justin_sus1/archsetup/README.md [2ms]
2024-11-30 20:18:09.890 [info] > git cat-file -s b2341df1f0bd2ea5cf55441ef926f4c2c7f951ed [1ms]
2024-11-30 20:18:10.669 [info] > git for-each-ref --format=%(refname)%00%(upstream:short)%00%(objectname)%00%(upstream:track)%00%(upstream:remotename)%00%(upstream:remoteref) refs/heads/master refs/remotes/master [2ms]
2024-11-30 20:18:10.685 [info] > git status -z -uall [8ms]
2024-11-30 20:18:10.686 [info] > git for-each-ref --sort -committerdate --format %(refname) %(objectname) %(*objectname) [2ms]
2024-11-30 20:18:10.771 [info] > git ls-files --stage -- /home/justin_sus1/archsetup/README.md [2ms]
2024-11-30 20:18:10.780 [info] > git cat-file -s b2341df1f0bd2ea5cf55441ef926f4c2c7f951ed [2ms]
2024-11-30 20:18:10.789 [info] > git show --textconv :README.md [1ms]
2024-11-30 20:18:12.393 [info] > git -c user.useConfigOnly=true commit --quiet --allow-empty-message --file - [5ms]
2024-11-30 20:18:12.399 [info] > git config --get commit.template [1ms]
2024-11-30 20:18:12.407 [info] > git config --get commit.template [1ms]
2024-11-30 20:18:12.414 [info] > git for-each-ref --format=%(refname)%00%(upstream:short)%00%(objectname)%00%(upstream:track)%00%(upstream:remotename)%00%(upstream:remoteref) refs/heads/master refs/remotes/master [1ms]
2024-11-30 20:18:12.425 [info] > git status -z -uall [6ms]
2024-11-30 20:18:12.425 [info] > git for-each-ref --sort -committerdate --format %(refname) %(objectname) %(*objectname) [1ms]
2024-11-30 20:18:12.433 [info] > git merge-base refs/heads/master refs/remotes/origin/master [1ms]
2024-11-30 20:18:12.440 [info] > git diff --name-status -z --diff-filter=ADMR eaabb3182ea1271cc5a91a6d38403954f5a02dad...refs/remotes/origin/master [1ms]
2024-11-30 20:18:12.459 [info] > git log --format=%H%n%aN%n%aE%n%at%n%ct%n%P%n%D%n%B -z --shortstat --diff-merges=first-parent -n50 --skip=0 --topo-order --decorate=full --stdin [13ms]
2024-11-30 20:18:12.459 [info] > git config --get commit.template [6ms]
2024-11-30 20:18:12.460 [info] > git for-each-ref --format=%(refname)%00%(upstream:short)%00%(objectname)%00%(upstream:track)%00%(upstream:remotename)%00%(upstream:remoteref) refs/heads/master refs/remotes/master [2ms]
2024-11-30 20:18:12.470 [info] > git status -z -uall [5ms]
2024-11-30 20:18:12.471 [info] > git for-each-ref --sort -committerdate --format %(refname) %(objectname) %(*objectname) [1ms]
2024-11-30 20:18:13.588 [info] > git ls-files --stage -- /home/justin_sus1/archsetup/README.md [2ms]
2024-11-30 20:18:13.593 [info] > git cat-file -s b2341df1f0bd2ea5cf55441ef926f4c2c7f951ed [1ms]
2024-11-30 20:18:13.601 [info] > git show --textconv :README.md [1ms]
2024-11-30 20:18:14.948 [info] > git log --oneline --cherry master...master@{upstream} -- [1ms]
2024-11-30 20:18:16.145 [info] > git ls-files --stage -- /home/justin_sus1/archsetup/README.md [1ms]
2024-11-30 20:18:16.152 [info] > git cat-file -s b2341df1f0bd2ea5cf55441ef926f4c2c7f951ed [2ms]
2024-11-30 20:18:16.162 [info] > git show --textconv :README.md [2ms]
2024-11-30 20:18:17.605 [info] > git pull --tags origin master [2652ms]
2024-11-30 20:18:17.605 [info] From github.com:justinsus1/archsetup
 * branch            master     -> FETCH_HEAD
2024-11-30 20:18:20.031 [info] > git push origin master:master [2420ms]
2024-11-30 20:18:20.031 [info] To github.com:justinsus1/archsetup.git
   eaabb31..b5f025f  master -> master
2024-11-30 20:18:20.054 [info] > git config --get commit.template [11ms]
2024-11-30 20:18:20.055 [info] > git for-each-ref --format=%(refname)%00%(upstream:short)%00%(objectname)%00%(upstream:track)%00%(upstream:remotename)%00%(upstream:remoteref) refs/heads/master refs/remotes/master [2ms]
2024-11-30 20:18:20.067 [info] > git status -z -uall [7ms]
2024-11-30 20:18:20.068 [info] > git for-each-ref --sort -committerdate --format %(refname) %(objectname) %(*objectname) [1ms]
2024-11-30 20:18:20.078 [info] > git merge-base refs/heads/master refs/remotes/origin/master [2ms]
2024-11-30 20:18:20.091 [info] > git diff --name-status -z --diff-filter=ADMR b5f025fc89287185f1cab980fa260f73aa39ac2a...refs/remotes/origin/master [8ms]
2024-11-30 20:18:20.101 [info] > git log --format=%H%n%aN%n%aE%n%at%n%ct%n%P%n%D%n%B -z --shortstat --diff-merges=first-parent -n50 --skip=0 --topo-order --decorate=full --stdin [11ms]
2024-11-30 20:18:21.969 [info] > git config --get commit.template [4ms]
2024-11-30 20:18:21.986 [info] > git ls-files --stage -- /home/justin_sus1/archsetup/README.md [9ms]
2024-11-30 20:18:21.992 [info] > git for-each-ref --format=%(refname)%00%(upstream:short)%00%(objectname)%00%(upstream:track)%00%(upstream:remotename)%00%(upstream:remoteref) refs/heads/master refs/remotes/master [6ms]
2024-11-30 20:18:21.992 [info] > git cat-file -s b2341df1f0bd2ea5cf55441ef926f4c2c7f951ed [1ms]
2024-11-30 20:18:22.003 [info] > git status -z -uall [5ms]
2024-11-30 20:18:22.012 [info] > git for-each-ref --sort -committerdate --format %(refname) %(objectname) %(*objectname) [9ms]
2024-11-30 20:18:22.013 [info] > git show --textconv :README.md [2ms]
2024-11-30 20:18:25.873 [info] > git ls-files --stage -- /home/justin_sus1/archsetup/README.md [1ms]
2024-11-30 20:18:25.879 [info] > git cat-file -s b2341df1f0bd2ea5cf55441ef926f4c2c7f951ed [1ms]
2024-11-30 20:18:25.888 [info] > git show --textconv :README.md [2ms]
2024-11-30 20:18:26.685 [info] > git fetch [2546ms]
2024-11-30 20:18:26.704 [info] > git config --get commit.template [9ms]
2024-11-30 20:18:26.704 [info] > git for-each-ref --format=%(refname)%00%(upstream:short)%00%(objectname)%00%(upstream:track)%00%(upstream:remotename)%00%(upstream:remoteref) refs/heads/master refs/remotes/master [1ms]
2024-11-30 20:18:26.714 [info] > git status -z -uall [5ms]
2024-11-30 20:18:26.715 [info] > git for-each-ref --sort -committerdate --format %(refname) %(objectname) %(*objectname) [1ms]
2024-11-30 20:18:31.323 [info] > git config --get commit.template [1ms]
2024-11-30 20:18:31.336 [info] > git ls-files --stage -- /home/justin_sus1/archsetup/README.md [6ms]
2024-11-30 20:18:31.342 [info] > git for-each-ref --format=%(refname)%00%(upstream:short)%00%(objectname)%00%(upstream:track)%00%(upstream:remotename)%00%(upstream:remoteref) refs/heads/master refs/remotes/master [5ms]
2024-11-30 20:18:31.355 [info] > git status -z -uall [9ms]
2024-11-30 20:18:31.355 [info] > git cat-file -s b2341df1f0bd2ea5cf55441ef926f4c2c7f951ed [14ms]
2024-11-30 20:18:31.356 [info] > git for-each-ref --sort -committerdate --format %(refname) %(objectname) %(*objectname) [2ms]
2024-11-30 20:18:31.365 [info] > git show --textconv :README.md [2ms]
2024-11-30 20:18:46.857 [info] > git show --textconv :setup.sh [6ms]
2024-11-30 20:18:46.858 [info] > git ls-files --stage -- /home/justin_sus1/archsetup/setup.sh [2ms]
2024-11-30 20:18:46.866 [info] > git cat-file -s dd3d98f44a27ed35f0c154ce712555dd6777b70c [1ms]
2024-11-30 20:18:47.566 [info] > git show --textconv :dotfiles/.config/hypr/conf/autostart.conf [7ms]
2024-11-30 20:18:47.567 [info] > git ls-files --stage -- /home/justin_sus1/archsetup/dotfiles/.config/hypr/conf/autostart.conf [2ms]
2024-11-30 20:18:47.572 [info] > git cat-file -s c8a5406d1e2ca1ba78d00cc21d946758ad3a8f09 [1ms]
2024-11-30 20:18:58.374 [info] > git config --get commit.template [7ms]
2024-11-30 20:18:58.374 [info] > git for-each-ref --format=%(refname)%00%(upstream:short)%00%(objectname)%00%(upstream:track)%00%(upstream:remotename)%00%(upstream:remoteref) refs/heads/master refs/remotes/master [1ms]
2024-11-30 20:18:58.389 [info] > git status -z -uall [6ms]
2024-11-30 20:18:58.390 [info] > git for-each-ref --sort -committerdate --format %(refname) %(objectname) %(*objectname) [1ms]
2024-11-30 20:18:58.465 [info] > git ls-files --stage -- /home/justin_sus1/archsetup/dotfiles/.config/hypr/conf/autostart.conf [2ms]
2024-11-30 20:18:58.472 [info] > git cat-file -s c8a5406d1e2ca1ba78d00cc21d946758ad3a8f09 [1ms]
2024-11-30 20:18:58.480 [info] > git show --textconv :dotfiles/.config/hypr/conf/autostart.conf [1ms]
2024-11-30 20:18:59.876 [info] > git config --get commit.template [1ms]
2024-11-30 20:18:59.884 [info] > git for-each-ref --format=%(refname)%00%(upstream:short)%00%(objectname)%00%(upstream:track)%00%(upstream:remotename)%00%(upstream:remoteref) refs/heads/master refs/remotes/master [1ms]
2024-11-30 20:18:59.892 [info] > git status -z -uall [4ms]
2024-11-30 20:18:59.893 [info] > git for-each-ref --sort -committerdate --format %(refname) %(objectname) %(*objectname) [1ms]
2024-11-30 20:19:00.739 [info] > git ls-files --stage -- /home/justin_sus1/archsetup/dotfiles/.config/hypr/conf/autostart.conf [2ms]
2024-11-30 20:19:00.751 [info] > git cat-file -s c8a5406d1e2ca1ba78d00cc21d946758ad3a8f09 [3ms]
2024-11-30 20:19:00.764 [info] > git show --textconv :dotfiles/.config/hypr/conf/autostart.conf [3ms]
2024-11-30 20:19:16.690 [info] > git config --get commit.template [8ms]
2024-11-30 20:19:16.691 [info] > git for-each-ref --format=%(refname)%00%(upstream:short)%00%(objectname)%00%(upstream:track)%00%(upstream:remotename)%00%(upstream:remoteref) refs/heads/master refs/remotes/master [1ms]
2024-11-30 20:19:16.704 [info] > git status -z -uall [7ms]
2024-11-30 20:19:16.704 [info] > git for-each-ref --sort -committerdate --format %(refname) %(objectname) %(*objectname) [1ms]
2024-11-30 20:19:28.661 [info] > git show --textconv :setup.sh [7ms]
2024-11-30 20:19:28.662 [info] > git ls-files --stage -- /home/justin_sus1/archsetup/setup.sh [1ms]
2024-11-30 20:19:28.667 [info] > git cat-file -s dd3d98f44a27ed35f0c154ce712555dd6777b70c [1ms]
2024-11-30 20:19:33.651 [info] > git show --textconv :dotfiles/.config/hypr/conf/autostart.conf [9ms]
2024-11-30 20:19:33.651 [info] > git ls-files --stage -- /home/justin_sus1/archsetup/dotfiles/.config/hypr/conf/autostart.conf [1ms]
2024-11-30 20:19:33.656 [info] > git cat-file -s c8a5406d1e2ca1ba78d00cc21d946758ad3a8f09 [1ms]
