2024-11-30 20:05:32.174 [info] Added views:outline in workbench.view.explorer
2024-11-30 20:05:32.174 [info] Added views:workbench.view.search in workbench.view.search
2024-11-30 20:05:32.174 [info] Added views:workbench.scm in workbench.view.scm
2024-11-30 20:05:32.174 [info] Added views:workbench.panel.markers.view in workbench.panel.markers
2024-11-30 20:05:32.174 [info] Added views:workbench.panel.output in workbench.panel.output
2024-11-30 20:05:32.174 [info] Added views:terminal in terminal
2024-11-30 20:05:32.174 [info] Added views:timeline in workbench.view.explorer
2024-11-30 20:05:32.175 [info] Added views:workbench.explorer.fileView in workbench.view.explorer
2024-11-30 20:05:32.374 [info] Added views:workbench.debug.welcome in workbench.view.debug
2024-11-30 20:05:32.948 [info] Added views:workbench.panel.repl.view in workbench.panel.repl
2024-11-30 20:05:33.239 [info] Added views:~remote.forwardedPorts in ~remote.forwardedPortsContainer
2024-11-30 20:05:33.294 [info] Added views:workbench.scm.history in workbench.view.scm
2024-11-30 20:05:40.863 [info] Removed views:workbench.scm.history from workbench.view.scm
2024-11-30 20:05:41.141 [info] Added views:outline in workbench.view.explorer
2024-11-30 20:05:41.142 [info] Added views:workbench.view.search in workbench.view.search
2024-11-30 20:05:41.142 [info] Added views:workbench.scm in workbench.view.scm
2024-11-30 20:05:41.142 [info] Added views:workbench.panel.markers.view in workbench.panel.markers
2024-11-30 20:05:41.142 [info] Added views:workbench.panel.output in workbench.panel.output
2024-11-30 20:05:41.142 [info] Added views:terminal in terminal
2024-11-30 20:05:41.142 [info] Added views:timeline in workbench.view.explorer
2024-11-30 20:05:41.142 [info] Added views:workbench.explorer.fileView in workbench.view.explorer
2024-11-30 20:05:41.184 [info] Added views:workbench.debug.welcome in workbench.view.debug
2024-11-30 20:05:41.790 [info] Added views:workbench.panel.repl.view in workbench.panel.repl
2024-11-30 20:05:41.903 [info] Added views:~remote.forwardedPorts in ~remote.forwardedPortsContainer
2024-11-30 20:05:42.027 [info] Added views:workbench.scm.history in workbench.view.scm
2024-11-30 20:19:36.251 [info] Removed views:workbench.scm.history from workbench.view.scm
