2024-11-28 21:34:59.368 [info] [main] Log level: Info
2024-11-28 21:34:59.368 [info] [main] Validating found git in: "git"
2024-11-28 21:34:59.368 [info] [main] Using git "2.47.1" from "git"
2024-11-28 21:34:59.368 [info] [Model][doInitialScan] Initial repository scan started
2024-11-28 21:34:59.368 [info] > git rev-parse --show-toplevel [2ms]
2024-11-28 21:34:59.374 [info] > git rev-parse --git-dir --git-common-dir [1ms]
2024-11-28 21:34:59.380 [info] [Model][openRepository] Opened repository: /home/justin_sus1/ttrockstars
2024-11-28 21:34:59.381 [info] [Model][doInitialScan] Initial repository scan completed - repositories (1), closed repositories (0), parent repositories (0), unsafe repositories (0)
2024-11-28 21:34:59.418 [info] > git config --get commit.template [33ms]
2024-11-28 21:34:59.432 [info] > git for-each-ref --format=%(refname)%00%(upstream:short)%00%(objectname)%00%(upstream:track)%00%(upstream:remotename)%00%(upstream:remoteref) refs/heads/main refs/remotes/main [4ms]
2024-11-28 21:34:59.441 [info] > git status -z -uall [4ms]
2024-11-28 21:34:59.442 [info] > git for-each-ref --sort -committerdate --format %(refname) %(objectname) %(*objectname) [2ms]
2024-11-28 21:34:59.454 [info] > git for-each-ref --format=%(refname)%00%(upstream:short)%00%(objectname)%00%(upstream:track)%00%(upstream:remotename)%00%(upstream:remoteref) refs/heads/main refs/remotes/main [5ms]
2024-11-28 21:34:59.460 [info] > git config --local branch.main.vscode-merge-base [2ms]
2024-11-28 21:34:59.460 [warning] [Git][config] git config failed: Failed to execute git
2024-11-28 21:34:59.464 [info] > git config --get commit.template [10ms]
2024-11-28 21:34:59.468 [info] > git reflog main --grep-reflog=branch: Created from *. [5ms]
2024-11-28 21:34:59.471 [info] > git for-each-ref --format=%(refname)%00%(upstream:short)%00%(objectname)%00%(upstream:track)%00%(upstream:remotename)%00%(upstream:remoteref) refs/heads/main refs/remotes/main [4ms]
2024-11-28 21:34:59.472 [info] > git symbolic-ref --short refs/remotes/origin/HEAD [1ms]
2024-11-28 21:34:59.472 [info] fatal: ref refs/remotes/origin/HEAD is not a symbolic ref
2024-11-28 21:34:59.472 [warning] [Repository][getDefaultBranch] Failed to get default branch details: Failed to execute git.
2024-11-28 21:34:59.492 [info] > git status -z -uall [3ms]
2024-11-28 21:34:59.493 [info] > git merge-base refs/heads/main refs/remotes/origin/main [17ms]
2024-11-28 21:34:59.532 [info] > git diff --name-status -z --diff-filter=ADMR 97c6bd3126ab3dc06a5958c8632a3abba24d15e4...refs/remotes/origin/main [36ms]
2024-11-28 21:34:59.532 [info] > git for-each-ref --sort -committerdate --format %(refname) %(objectname) %(*objectname) [40ms]
2024-11-28 21:34:59.857 [info] > git ls-files --stage -- /home/justin_sus1/ttrockstars/_main_.py [1ms]
2024-11-28 21:34:59.861 [info] > git show --textconv :_main_.py [11ms]
2024-11-28 21:34:59.862 [info] > git cat-file -s 49bb5d3987efc989480b014f02816260dfbf3281 [1ms]
2024-11-28 21:34:59.921 [info] > git check-ignore -v -z --stdin [2ms]
2024-11-28 21:51:30.843 [info] > git config --get commit.template [7ms]
2024-11-28 21:51:30.843 [info] > git for-each-ref --format=%(refname)%00%(upstream:short)%00%(objectname)%00%(upstream:track)%00%(upstream:remotename)%00%(upstream:remoteref) refs/heads/main refs/remotes/main [2ms]
2024-11-28 21:51:30.856 [info] > git status -z -uall [7ms]
2024-11-28 21:51:30.856 [info] > git for-each-ref --sort -committerdate --format %(refname) %(objectname) %(*objectname) [1ms]
2024-11-28 21:51:35.874 [info] > git config --get commit.template [6ms]
2024-11-28 21:51:35.875 [info] > git for-each-ref --format=%(refname)%00%(upstream:short)%00%(objectname)%00%(upstream:track)%00%(upstream:remotename)%00%(upstream:remoteref) refs/heads/main refs/remotes/main [2ms]
2024-11-28 21:51:35.883 [info] > git status -z -uall [4ms]
2024-11-28 21:51:35.883 [info] > git for-each-ref --sort -committerdate --format %(refname) %(objectname) %(*objectname) [1ms]
2024-11-28 21:52:29.083 [info] > git config --get commit.template [4ms]
2024-11-28 21:52:29.084 [info] > git for-each-ref --format=%(refname)%00%(upstream:short)%00%(objectname)%00%(upstream:track)%00%(upstream:remotename)%00%(upstream:remoteref) refs/heads/main refs/remotes/main [1ms]
2024-11-28 21:52:29.091 [info] > git status -z -uall [4ms]
2024-11-28 21:52:29.093 [info] > git for-each-ref --sort -committerdate --format %(refname) %(objectname) %(*objectname) [1ms]
2024-11-28 21:52:50.204 [info] > git config --get commit.template [7ms]
2024-11-28 21:52:50.205 [info] > git for-each-ref --format=%(refname)%00%(upstream:short)%00%(objectname)%00%(upstream:track)%00%(upstream:remotename)%00%(upstream:remoteref) refs/heads/main refs/remotes/main [2ms]
2024-11-28 21:52:50.215 [info] > git status -z -uall [5ms]
2024-11-28 21:52:50.215 [info] > git for-each-ref --sort -committerdate --format %(refname) %(objectname) %(*objectname) [1ms]
2024-11-28 21:54:39.602 [info] > git config --get commit.template [2ms]
2024-11-28 21:54:39.609 [info] > git for-each-ref --format=%(refname)%00%(upstream:short)%00%(objectname)%00%(upstream:track)%00%(upstream:remotename)%00%(upstream:remoteref) refs/heads/main refs/remotes/main [2ms]
2024-11-28 21:54:39.620 [info] > git status -z -uall [5ms]
2024-11-28 21:54:39.621 [info] > git for-each-ref --sort -committerdate --format %(refname) %(objectname) %(*objectname) [1ms]
2024-11-28 21:56:13.548 [info] > git config --get commit.template [2ms]
2024-11-28 21:56:13.555 [info] > git for-each-ref --format=%(refname)%00%(upstream:short)%00%(objectname)%00%(upstream:track)%00%(upstream:remotename)%00%(upstream:remoteref) refs/heads/main refs/remotes/main [2ms]
2024-11-28 21:56:13.563 [info] > git status -z -uall [4ms]
2024-11-28 21:56:13.564 [info] > git for-each-ref --sort -committerdate --format %(refname) %(objectname) %(*objectname) [1ms]
2024-11-28 21:56:18.579 [info] > git config --get commit.template [1ms]
2024-11-28 21:56:18.586 [info] > git for-each-ref --format=%(refname)%00%(upstream:short)%00%(objectname)%00%(upstream:track)%00%(upstream:remotename)%00%(upstream:remoteref) refs/heads/main refs/remotes/main [1ms]
2024-11-28 21:56:18.596 [info] > git status -z -uall [4ms]
2024-11-28 21:56:18.596 [info] > git for-each-ref --sort -committerdate --format %(refname) %(objectname) %(*objectname) [1ms]
