2024-11-30 19:24:07.781 [info] [main] Log level: Info
2024-11-30 19:24:07.781 [info] [main] Validating found git in: "git"
2024-11-30 19:24:07.804 [info] [main] Using git "2.47.1" from "git"
2024-11-30 19:24:07.804 [info] [Model][doInitialScan] Initial repository scan started
2024-11-30 19:24:07.820 [info] > git rev-parse --show-toplevel [5ms]
2024-11-30 19:24:07.870 [info] > git rev-parse --git-dir --git-common-dir [8ms]
2024-11-30 19:24:07.882 [info] [Model][openRepository] Opened repository: /home/justin_sus1/ttrockstars
2024-11-30 19:24:07.884 [info] [Model][doInitialScan] Initial repository scan completed - repositories (1), closed repositories (0), parent repositories (0), unsafe repositories (0)
2024-11-30 19:24:07.891 [info] > git config --get commit.template [2ms]
2024-11-30 19:24:07.900 [info] > git for-each-ref --format=%(refname)%00%(upstream:short)%00%(objectname)%00%(upstream:track)%00%(upstream:remotename)%00%(upstream:remoteref) refs/heads/main refs/remotes/main [3ms]
2024-11-30 19:24:07.910 [info] > git status -z -uall [5ms]
2024-11-30 19:24:07.913 [info] > git for-each-ref --sort -committerdate --format %(refname) %(objectname) %(*objectname) [3ms]
2024-11-30 19:24:07.924 [info] > git for-each-ref --format=%(refname)%00%(upstream:short)%00%(objectname)%00%(upstream:track)%00%(upstream:remotename)%00%(upstream:remoteref) refs/heads/main refs/remotes/main [5ms]
2024-11-30 19:24:07.929 [info] > git config --local branch.main.vscode-merge-base [1ms]
2024-11-30 19:24:07.929 [warning] [Git][config] git config failed: Failed to execute git
2024-11-30 19:24:07.933 [info] > git config --get commit.template [9ms]
2024-11-30 19:24:07.960 [info] > git reflog main --grep-reflog=branch: Created from *. [27ms]
2024-11-30 19:24:07.974 [info] > git symbolic-ref --short refs/remotes/origin/HEAD [11ms]
2024-11-30 19:24:07.974 [info] fatal: ref refs/remotes/origin/HEAD is not a symbolic ref
2024-11-30 19:24:07.974 [warning] [Repository][getDefaultBranch] Failed to get default branch details: Failed to execute git.
2024-11-30 19:24:07.985 [info] > git for-each-ref --format=%(refname)%00%(upstream:short)%00%(objectname)%00%(upstream:track)%00%(upstream:remotename)%00%(upstream:remoteref) refs/heads/main refs/remotes/main [26ms]
2024-11-30 19:24:07.986 [info] > git merge-base refs/heads/main refs/remotes/origin/main [8ms]
2024-11-30 19:24:07.998 [info] > git status -z -uall [4ms]
2024-11-30 19:24:07.998 [info] > git diff --name-status -z --diff-filter=ADMR a4f6b3f62c8a00c3ed7250951a85e06b76de393a...refs/remotes/origin/main [8ms]
2024-11-30 19:24:07.999 [info] > git for-each-ref --sort -committerdate --format %(refname) %(objectname) %(*objectname) [2ms]
2024-11-30 19:24:08.200 [info] > git ls-files --stage -- /home/justin_sus1/ttrockstars/_main_.py [1ms]
2024-11-30 19:24:08.203 [info] > git show --textconv :_main_.py [8ms]
2024-11-30 19:24:08.204 [info] > git cat-file -s 471427831698a30f90280cc0229775d148e89c27 [1ms]
2024-11-30 19:24:08.421 [info] > git check-ignore -v -z --stdin [2ms]
2024-11-30 19:24:12.407 [info] > git config --get commit.template [2ms]
2024-11-30 19:24:12.415 [info] > git for-each-ref --format=%(refname)%00%(upstream:short)%00%(objectname)%00%(upstream:track)%00%(upstream:remotename)%00%(upstream:remoteref) refs/heads/main refs/remotes/main [3ms]
2024-11-30 19:24:12.427 [info] > git status -z -uall [6ms]
2024-11-30 19:24:12.428 [info] > git for-each-ref --sort -committerdate --format %(refname) %(objectname) %(*objectname) [2ms]
2024-11-30 19:24:12.509 [info] > git ls-files --stage -- /home/justin_sus1/ttrockstars/_main_.py [3ms]
2024-11-30 19:24:12.519 [info] > git cat-file -s 471427831698a30f90280cc0229775d148e89c27 [3ms]
2024-11-30 19:24:12.530 [info] > git show --textconv :_main_.py [1ms]
2024-11-30 19:24:14.301 [info] > git config --get commit.template [0ms]
2024-11-30 19:24:14.305 [info] > git for-each-ref --format=%(refname)%00%(upstream:short)%00%(objectname)%00%(upstream:track)%00%(upstream:remotename)%00%(upstream:remoteref) refs/heads/main refs/remotes/main [1ms]
2024-11-30 19:24:14.312 [info] > git status -z -uall [3ms]
2024-11-30 19:24:14.313 [info] > git for-each-ref --sort -committerdate --format %(refname) %(objectname) %(*objectname) [1ms]
2024-11-30 19:24:14.319 [info] > git merge-base refs/heads/main refs/remotes/origin/main [1ms]
2024-11-30 19:24:14.324 [info] > git diff --name-status -z --diff-filter=ADMR 4bb9f107afac89252c865c4d83a88ce64d87fe3b...refs/remotes/origin/main [0ms]
2024-11-30 19:24:15.447 [info] > git ls-files --stage -- /home/justin_sus1/ttrockstars/_main_.py [1ms]
2024-11-30 19:24:15.454 [info] > git cat-file -s 80969dac15afee1d5a749b883220fd4dd0809384 [2ms]
2024-11-30 19:24:15.460 [info] > git show --textconv :_main_.py [1ms]
2024-11-30 19:24:17.447 [info] > git config --get commit.template [8ms]
2024-11-30 19:24:17.447 [info] > git for-each-ref --format=%(refname)%00%(upstream:short)%00%(objectname)%00%(upstream:track)%00%(upstream:remotename)%00%(upstream:remoteref) refs/heads/main refs/remotes/main [1ms]
2024-11-30 19:24:17.455 [info] > git status -z -uall [4ms]
2024-11-30 19:24:17.456 [info] > git for-each-ref --sort -committerdate --format %(refname) %(objectname) %(*objectname) [1ms]
