2024-11-28 20:32:06.967 [info] [main] Log level: Info
2024-11-28 20:32:06.967 [info] [main] Validating found git in: "git"
2024-11-28 20:32:06.967 [info] [main] Using git "2.47.1" from "git"
2024-11-28 20:32:06.967 [info] [Model][doInitialScan] Initial repository scan started
2024-11-28 20:32:06.967 [info] > git rev-parse --show-toplevel [9ms]
2024-11-28 20:32:06.967 [info] > git rev-parse --git-dir --git-common-dir [2ms]
2024-11-28 20:32:06.967 [info] [Model][openRepository] Opened repository: /home/justin_sus1/ttrockstars
2024-11-28 20:32:06.967 [info] [Model][doInitialScan] Initial repository scan completed - repositories (1), closed repositories (0), parent repositories (0), unsafe repositories (0)
2024-11-28 20:32:06.968 [info] > git config --get commit.template [2ms]
2024-11-28 20:32:06.977 [info] > git for-each-ref --format=%(refname)%00%(upstream:short)%00%(objectname)%00%(upstream:track)%00%(upstream:remotename)%00%(upstream:remoteref) refs/heads/main refs/remotes/main [2ms]
2024-11-28 20:32:06.991 [info] > git status -z -uall [7ms]
2024-11-28 20:32:06.993 [info] > git for-each-ref --sort -committerdate --format %(refname) %(objectname) %(*objectname) [3ms]
2024-11-28 20:32:07.011 [info] > git for-each-ref --format=%(refname)%00%(upstream:short)%00%(objectname)%00%(upstream:track)%00%(upstream:remotename)%00%(upstream:remoteref) refs/heads/main refs/remotes/main [8ms]
2024-11-28 20:32:07.024 [info] > git config --local branch.main.vscode-merge-base [8ms]
2024-11-28 20:32:07.024 [warning] [Git][config] git config failed: Failed to execute git
2024-11-28 20:32:07.028 [info] > git config --get commit.template [18ms]
2024-11-28 20:32:07.034 [info] > git reflog main --grep-reflog=branch: Created from *. [6ms]
2024-11-28 20:32:07.043 [info] > git symbolic-ref --short refs/remotes/origin/HEAD [5ms]
2024-11-28 20:32:07.043 [info] fatal: ref refs/remotes/origin/HEAD is not a symbolic ref
2024-11-28 20:32:07.043 [warning] [Repository][getDefaultBranch] Failed to get default branch details: Failed to execute git.
2024-11-28 20:32:07.060 [info] > git merge-base refs/heads/main refs/remotes/origin/main [13ms]
2024-11-28 20:32:07.065 [info] > git for-each-ref --format=%(refname)%00%(upstream:short)%00%(objectname)%00%(upstream:track)%00%(upstream:remotename)%00%(upstream:remoteref) refs/heads/main refs/remotes/main [22ms]
2024-11-28 20:32:07.067 [info] > git diff --name-status -z --diff-filter=ADMR 97c6bd3126ab3dc06a5958c8632a3abba24d15e4...refs/remotes/origin/main [3ms]
2024-11-28 20:32:07.077 [info] > git status -z -uall [4ms]
2024-11-28 20:32:07.103 [info] > git for-each-ref --sort -committerdate --format %(refname) %(objectname) %(*objectname) [26ms]
2024-11-28 20:32:07.425 [info] > git show --textconv :_main_.py [6ms]
2024-11-28 20:32:07.426 [info] > git ls-files --stage -- /home/justin_sus1/ttrockstars/_main_.py [1ms]
2024-11-28 20:32:07.431 [info] > git cat-file -s 49bb5d3987efc989480b014f02816260dfbf3281 [1ms]
2024-11-28 20:32:07.503 [info] > git check-ignore -v -z --stdin [2ms]
2024-11-28 20:32:24.770 [info] > git config --get commit.template [9ms]
2024-11-28 20:32:24.771 [info] > git for-each-ref --format=%(refname)%00%(upstream:short)%00%(objectname)%00%(upstream:track)%00%(upstream:remotename)%00%(upstream:remoteref) refs/heads/main refs/remotes/main [2ms]
2024-11-28 20:32:24.784 [info] > git status -z -uall [6ms]
2024-11-28 20:32:24.786 [info] > git for-each-ref --sort -committerdate --format %(refname) %(objectname) %(*objectname) [3ms]
2024-11-28 20:32:39.953 [info] [main] Log level: Info
2024-11-28 20:32:39.953 [info] [main] Validating found git in: "git"
2024-11-28 20:32:39.953 [info] [main] Using git "2.47.1" from "git"
2024-11-28 20:32:39.953 [info] [Model][doInitialScan] Initial repository scan started
2024-11-28 20:32:39.953 [info] > git rev-parse --show-toplevel [2ms]
2024-11-28 20:32:39.962 [info] > git rev-parse --git-dir --git-common-dir [1ms]
2024-11-28 20:32:39.968 [info] [Model][openRepository] Opened repository: /home/justin_sus1/archsetup
2024-11-28 20:32:39.982 [info] > git rev-parse --show-toplevel [4ms]
2024-11-28 20:32:39.982 [info] > git config --get commit.template [8ms]
2024-11-28 20:32:40.004 [info] > git rev-parse --show-toplevel [17ms]
2024-11-28 20:32:40.016 [info] > git for-each-ref --format=%(refname)%00%(upstream:short)%00%(objectname)%00%(upstream:track)%00%(upstream:remotename)%00%(upstream:remoteref) refs/heads/master refs/remotes/master [13ms]
2024-11-28 20:32:40.020 [warning] [Git][revParse] Unable to read file: ENOENT: no such file or directory, open '/home/justin_sus1/archsetup/.git/refs/remotes/origin/master'
2024-11-28 20:32:40.020 [info] > git rev-parse --show-toplevel [5ms]
2024-11-28 20:32:40.021 [info] [Model][doInitialScan] Initial repository scan completed - repositories (1), closed repositories (0), parent repositories (0), unsafe repositories (0)
2024-11-28 20:32:40.021 [info] > git rev-parse refs/remotes/origin/master [1ms]
2024-11-28 20:32:40.032 [info] > git for-each-ref --sort -committerdate --format %(refname) %(objectname) %(*objectname) [1ms]
2024-11-28 20:32:40.038 [info] > git status -z -uall [12ms]
2024-11-28 20:32:40.051 [info] > git for-each-ref --format=%(refname)%00%(upstream:short)%00%(objectname)%00%(upstream:track)%00%(upstream:remotename)%00%(upstream:remoteref) refs/heads/master refs/remotes/master [6ms]
2024-11-28 20:32:40.056 [info] > git config --local branch.master.vscode-merge-base [1ms]
2024-11-28 20:32:40.056 [warning] [Git][config] git config failed: Failed to execute git
2024-11-28 20:32:40.060 [info] > git config --get commit.template [10ms]
2024-11-28 20:32:40.086 [info] > git reflog master --grep-reflog=branch: Created from *. [26ms]
2024-11-28 20:32:40.092 [info] > git symbolic-ref --short refs/remotes/origin/HEAD [2ms]
2024-11-28 20:32:40.096 [info] > git for-each-ref --format=%(refname)%00%(upstream:short)%00%(objectname)%00%(upstream:track)%00%(upstream:remotename)%00%(upstream:remoteref) refs/heads/master refs/remotes/master [10ms]
2024-11-28 20:32:40.099 [warning] [Git][revParse] Unable to read file: ENOENT: no such file or directory, open '/home/justin_sus1/archsetup/.git/refs/remotes/origin/master'
2024-11-28 20:32:40.101 [info] > git rev-parse refs/remotes/origin/master [1ms]
2024-11-28 20:32:40.108 [info] > git for-each-ref --format=%(refname)%00%(upstream:short)%00%(objectname)%00%(upstream:track)%00%(upstream:remotename)%00%(upstream:remoteref) refs/heads/origin/master refs/remotes/origin/master [12ms]
2024-11-28 20:32:40.112 [info] > git for-each-ref --sort -committerdate --format %(refname) %(objectname) %(*objectname) [4ms]
2024-11-28 20:32:40.113 [info] > git status -z -uall [9ms]
2024-11-28 20:32:40.119 [info] > git config --local branch.master.vscode-merge-base origin/master [7ms]
2024-11-28 20:32:40.123 [info] > git for-each-ref --format=%(refname)%00%(upstream:short)%00%(objectname)%00%(upstream:track)%00%(upstream:remotename)%00%(upstream:remoteref) refs/heads/master refs/remotes/master [5ms]
2024-11-28 20:32:40.128 [info] > git config --local branch.master.vscode-merge-base [1ms]
2024-11-28 20:32:40.131 [info] > git config --get commit.template [9ms]
2024-11-28 20:32:40.135 [info] > git for-each-ref --format=%(refname)%00%(upstream:short)%00%(objectname)%00%(upstream:track)%00%(upstream:remotename)%00%(upstream:remoteref) refs/heads/origin/master refs/remotes/origin/master [4ms]
2024-11-28 20:32:40.144 [info] > git merge-base refs/heads/master refs/remotes/origin/master [5ms]
2024-11-28 20:32:40.148 [info] > git for-each-ref --format=%(refname)%00%(upstream:short)%00%(objectname)%00%(upstream:track)%00%(upstream:remotename)%00%(upstream:remoteref) refs/heads/master refs/remotes/master [14ms]
2024-11-28 20:32:40.151 [warning] [Git][revParse] Unable to read file: ENOENT: no such file or directory, open '/home/justin_sus1/archsetup/.git/refs/remotes/origin/master'
2024-11-28 20:32:40.155 [info] > git rev-parse refs/remotes/origin/master [3ms]
2024-11-28 20:32:40.161 [info] > git diff --name-status -z --diff-filter=ADMR 6c13b556cda7248f451cd3b5cf9cb2f834b91fee...refs/remotes/origin/master [13ms]
2024-11-28 20:32:40.162 [info] > git for-each-ref --sort -committerdate --format %(refname) %(objectname) %(*objectname) [1ms]
2024-11-28 20:32:40.165 [info] > git status -z -uall [7ms]
2024-11-28 20:32:40.498 [info] > git check-ignore -v -z --stdin [2ms]
2024-11-28 20:32:41.209 [info] > git config --get commit.template [5ms]
2024-11-28 20:32:41.211 [info] > git for-each-ref --format=%(refname)%00%(upstream:short)%00%(objectname)%00%(upstream:track)%00%(upstream:remotename)%00%(upstream:remoteref) refs/heads/master refs/remotes/master [2ms]
2024-11-28 20:32:41.215 [warning] [Git][revParse] Unable to read file: ENOENT: no such file or directory, open '/home/justin_sus1/archsetup/.git/refs/remotes/origin/master'
2024-11-28 20:32:41.216 [info] > git rev-parse refs/remotes/origin/master [1ms]
2024-11-28 20:32:41.223 [info] > git for-each-ref --sort -committerdate --format %(refname) %(objectname) %(*objectname) [1ms]
2024-11-28 20:32:41.225 [info] > git status -z -uall [6ms]
2024-11-28 20:32:41.994 [info] > git check-ignore -v -z --stdin [1ms]
2024-11-28 20:32:45.034 [info] > git check-ignore -v -z --stdin [3ms]
2024-11-28 20:32:45.936 [info] > git check-ignore -v -z --stdin [2ms]
2024-11-28 20:32:48.453 [info] > git check-ignore -v -z --stdin [2ms]
2024-11-28 20:32:49.145 [info] > git check-ignore -v -z --stdin [2ms]
2024-11-28 20:32:49.708 [info] > git show --textconv :dotfiles/.config/hypr/conf/animations.conf [5ms]
2024-11-28 20:32:49.709 [info] > git ls-files --stage -- /home/justin_sus1/archsetup/dotfiles/.config/hypr/conf/animations.conf [1ms]
2024-11-28 20:32:49.714 [info] > git cat-file -s d34665b27452100f4e23a653fee1a40a78079989 [1ms]
2024-11-28 20:32:50.596 [info] > git show --textconv :dotfiles/.config/hypr/conf/autostart.conf [6ms]
2024-11-28 20:32:50.597 [info] > git ls-files --stage -- /home/justin_sus1/archsetup/dotfiles/.config/hypr/conf/autostart.conf [1ms]
2024-11-28 20:32:50.601 [info] > git cat-file -s 2cd85f0e32b5f9e8f2038037293988353e692dca [1ms]
2024-11-28 20:32:51.179 [info] > git show --textconv :dotfiles/.config/hypr/conf/backup [8ms]
2024-11-28 20:32:51.181 [info] > git ls-files --stage -- /home/justin_sus1/archsetup/dotfiles/.config/hypr/conf/backup [2ms]
2024-11-28 20:32:51.187 [info] > git cat-file -s e5c8a02c150b0c41c6ff5ab6db4a5733f80e8f5d [2ms]
2024-11-28 20:32:51.782 [info] > git show --textconv :dotfiles/.config/hypr/conf/autostart.conf [7ms]
2024-11-28 20:32:51.784 [info] > git ls-files --stage -- /home/justin_sus1/archsetup/dotfiles/.config/hypr/conf/autostart.conf [2ms]
2024-11-28 20:32:51.791 [info] > git cat-file -s 2cd85f0e32b5f9e8f2038037293988353e692dca [1ms]
2024-11-28 20:35:09.307 [info] > git config --get commit.template [8ms]
2024-11-28 20:35:09.308 [info] > git for-each-ref --format=%(refname)%00%(upstream:short)%00%(objectname)%00%(upstream:track)%00%(upstream:remotename)%00%(upstream:remoteref) refs/heads/master refs/remotes/master [2ms]
2024-11-28 20:35:09.315 [warning] [Git][revParse] Unable to read file: ENOENT: no such file or directory, open '/home/justin_sus1/archsetup/.git/refs/remotes/origin/master'
2024-11-28 20:35:09.317 [info] > git rev-parse refs/remotes/origin/master [1ms]
2024-11-28 20:35:09.330 [info] > git status -z -uall [7ms]
2024-11-28 20:35:09.331 [info] > git for-each-ref --sort -committerdate --format %(refname) %(objectname) %(*objectname) [2ms]
2024-11-28 20:35:26.360 [info] > git config --get commit.template [3ms]
2024-11-28 20:35:26.367 [info] > git for-each-ref --format=%(refname)%00%(upstream:short)%00%(objectname)%00%(upstream:track)%00%(upstream:remotename)%00%(upstream:remoteref) refs/heads/master refs/remotes/master [2ms]
2024-11-28 20:35:26.374 [warning] [Git][revParse] Unable to read file: ENOENT: no such file or directory, open '/home/justin_sus1/archsetup/.git/refs/remotes/origin/master'
2024-11-28 20:35:26.375 [info] > git rev-parse refs/remotes/origin/master [1ms]
2024-11-28 20:35:26.384 [info] > git for-each-ref --sort -committerdate --format %(refname) %(objectname) %(*objectname) [1ms]
2024-11-28 20:35:26.387 [info] > git status -z -uall [8ms]
2024-11-28 20:35:32.293 [info] > git config --get commit.template [6ms]
2024-11-28 20:35:32.294 [info] > git for-each-ref --format=%(refname)%00%(upstream:short)%00%(objectname)%00%(upstream:track)%00%(upstream:remotename)%00%(upstream:remoteref) refs/heads/master refs/remotes/master [1ms]
2024-11-28 20:35:32.298 [warning] [Git][revParse] Unable to read file: ENOENT: no such file or directory, open '/home/justin_sus1/archsetup/.git/refs/remotes/origin/master'
2024-11-28 20:35:32.299 [info] > git rev-parse refs/remotes/origin/master [1ms]
2024-11-28 20:35:32.308 [info] > git status -z -uall [6ms]
2024-11-28 20:35:32.308 [info] > git for-each-ref --sort -committerdate --format %(refname) %(objectname) %(*objectname) [1ms]
2024-11-28 20:35:33.351 [info] > git config --get commit.template [8ms]
2024-11-28 20:35:33.351 [info] > git for-each-ref --format=%(refname)%00%(upstream:short)%00%(objectname)%00%(upstream:track)%00%(upstream:remotename)%00%(upstream:remoteref) refs/heads/master refs/remotes/master [2ms]
2024-11-28 20:35:33.357 [warning] [Git][revParse] Unable to read file: ENOENT: no such file or directory, open '/home/justin_sus1/archsetup/.git/refs/remotes/origin/master'
2024-11-28 20:35:33.359 [info] > git rev-parse refs/remotes/origin/master [2ms]
2024-11-28 20:35:33.367 [info] > git status -z -uall [4ms]
2024-11-28 20:35:33.368 [info] > git for-each-ref --sort -committerdate --format %(refname) %(objectname) %(*objectname) [1ms]
2024-11-28 20:35:33.437 [info] > git ls-files --stage -- /home/justin_sus1/archsetup/dotfiles/.config/hypr/conf/autostart.conf [1ms]
2024-11-28 20:35:33.444 [info] > git cat-file -s c8a5406d1e2ca1ba78d00cc21d946758ad3a8f09 [2ms]
2024-11-28 20:35:33.454 [info] > git show --textconv :dotfiles/.config/hypr/conf/autostart.conf [2ms]
2024-11-28 20:35:52.994 [info] > git config --get commit.template [4ms]
2024-11-28 20:35:52.994 [info] > git for-each-ref --format=%(refname)%00%(upstream:short)%00%(objectname)%00%(upstream:track)%00%(upstream:remotename)%00%(upstream:remoteref) refs/heads/master refs/remotes/master [1ms]
2024-11-28 20:35:52.998 [warning] [Git][revParse] Unable to read file: ENOENT: no such file or directory, open '/home/justin_sus1/archsetup/.git/refs/remotes/origin/master'
2024-11-28 20:35:52.999 [info] > git rev-parse refs/remotes/origin/master [1ms]
2024-11-28 20:35:53.009 [info] > git status -z -uall [5ms]
2024-11-28 20:35:53.010 [info] > git for-each-ref --sort -committerdate --format %(refname) %(objectname) %(*objectname) [2ms]
2024-11-28 20:35:53.018 [info] > git merge-base refs/heads/master refs/remotes/origin/master [1ms]
2024-11-28 20:35:53.023 [info] > git diff --name-status -z --diff-filter=ADMR 6c13b556cda7248f451cd3b5cf9cb2f834b91fee...refs/remotes/origin/master [1ms]
2024-11-28 20:35:54.057 [info] > git config --get commit.template [1ms]
2024-11-28 20:35:54.067 [info] > git for-each-ref --format=%(refname)%00%(upstream:short)%00%(objectname)%00%(upstream:track)%00%(upstream:remotename)%00%(upstream:remoteref) refs/heads/master refs/remotes/master [3ms]
2024-11-28 20:35:54.072 [warning] [Git][revParse] Unable to read file: ENOENT: no such file or directory, open '/home/justin_sus1/archsetup/.git/refs/remotes/origin/master'
2024-11-28 20:35:54.074 [info] > git rev-parse refs/remotes/origin/master [2ms]
2024-11-28 20:35:54.081 [info] > git status -z -uall [4ms]
2024-11-28 20:35:54.082 [info] > git for-each-ref --sort -committerdate --format %(refname) %(objectname) %(*objectname) [1ms]
2024-11-28 20:35:54.159 [info] > git ls-files --stage -- /home/justin_sus1/archsetup/dotfiles/.config/hypr/conf/autostart.conf [2ms]
2024-11-28 20:35:54.166 [info] > git cat-file -s c8a5406d1e2ca1ba78d00cc21d946758ad3a8f09 [2ms]
2024-11-28 20:35:54.174 [info] > git show --textconv :dotfiles/.config/hypr/conf/autostart.conf [2ms]
2024-11-28 20:38:57.607 [info] > git config --get commit.template [7ms]
2024-11-28 20:38:57.608 [info] > git for-each-ref --format=%(refname)%00%(upstream:short)%00%(objectname)%00%(upstream:track)%00%(upstream:remotename)%00%(upstream:remoteref) refs/heads/master refs/remotes/master [2ms]
2024-11-28 20:38:57.613 [warning] [Git][revParse] Unable to read file: ENOENT: no such file or directory, open '/home/justin_sus1/archsetup/.git/refs/remotes/origin/master'
2024-11-28 20:38:57.615 [info] > git rev-parse refs/remotes/origin/master [2ms]
2024-11-28 20:38:57.624 [info] > git status -z -uall [4ms]
2024-11-28 20:38:57.625 [info] > git for-each-ref --sort -committerdate --format %(refname) %(objectname) %(*objectname) [1ms]
2024-11-28 20:38:57.698 [info] > git ls-files --stage -- /home/justin_sus1/archsetup/dotfiles/.config/hypr/conf/autostart.conf [2ms]
2024-11-28 20:38:57.704 [info] > git cat-file -s c8a5406d1e2ca1ba78d00cc21d946758ad3a8f09 [1ms]
2024-11-28 20:38:57.711 [info] > git show --textconv :dotfiles/.config/hypr/conf/autostart.conf [1ms]
2024-11-28 20:39:02.441 [info] > git config --get commit.template [7ms]
2024-11-28 20:39:02.442 [info] > git for-each-ref --format=%(refname)%00%(upstream:short)%00%(objectname)%00%(upstream:track)%00%(upstream:remotename)%00%(upstream:remoteref) refs/heads/master refs/remotes/master [2ms]
2024-11-28 20:39:02.447 [warning] [Git][revParse] Unable to read file: ENOENT: no such file or directory, open '/home/justin_sus1/archsetup/.git/refs/remotes/origin/master'
2024-11-28 20:39:02.448 [info] > git rev-parse refs/remotes/origin/master [1ms]
2024-11-28 20:39:02.456 [info] > git status -z -uall [4ms]
2024-11-28 20:39:02.457 [info] > git for-each-ref --sort -committerdate --format %(refname) %(objectname) %(*objectname) [1ms]
2024-11-28 20:39:07.322 [info] > git config --get commit.template [7ms]
2024-11-28 20:39:07.324 [info] > git for-each-ref --format=%(refname)%00%(upstream:short)%00%(objectname)%00%(upstream:track)%00%(upstream:remotename)%00%(upstream:remoteref) refs/heads/master refs/remotes/master [2ms]
2024-11-28 20:39:07.330 [warning] [Git][revParse] Unable to read file: ENOENT: no such file or directory, open '/home/justin_sus1/archsetup/.git/refs/remotes/origin/master'
2024-11-28 20:39:07.331 [info] > git rev-parse refs/remotes/origin/master [1ms]
2024-11-28 20:39:07.346 [info] > git status -z -uall [9ms]
2024-11-28 20:39:07.348 [info] > git for-each-ref --sort -committerdate --format %(refname) %(objectname) %(*objectname) [2ms]
2024-11-28 20:39:07.419 [info] > git ls-files --stage -- /home/justin_sus1/archsetup/dotfiles/.config/hypr/conf/autostart.conf [2ms]
2024-11-28 20:39:07.427 [info] > git cat-file -s c8a5406d1e2ca1ba78d00cc21d946758ad3a8f09 [2ms]
2024-11-28 20:39:07.438 [info] > git show --textconv :dotfiles/.config/hypr/conf/autostart.conf [2ms]
2024-11-28 20:39:13.603 [info] > git config --get commit.template [5ms]
2024-11-28 20:39:13.604 [info] > git for-each-ref --format=%(refname)%00%(upstream:short)%00%(objectname)%00%(upstream:track)%00%(upstream:remotename)%00%(upstream:remoteref) refs/heads/master refs/remotes/master [1ms]
2024-11-28 20:39:13.614 [info] > git status -z -uall [6ms]
2024-11-28 20:39:13.615 [info] > git for-each-ref --sort -committerdate --format %(refname) %(objectname) %(*objectname) [1ms]
2024-11-28 20:39:13.624 [info] > git merge-base refs/heads/master refs/remotes/origin/master [1ms]
2024-11-28 20:39:13.629 [info] > git diff --name-status -z --diff-filter=ADMR e967d0a6597c50e4c8fd6c736dd32f158c326333...refs/remotes/origin/master [1ms]
2024-11-28 20:41:06.479 [info] > git config --get commit.template [8ms]
2024-11-28 20:41:06.485 [info] > git ls-files --stage -- /home/justin_sus1/archsetup/dotfiles/.config/hypr/conf/autostart.conf [7ms]
2024-11-28 20:41:06.490 [info] > git for-each-ref --format=%(refname)%00%(upstream:short)%00%(objectname)%00%(upstream:track)%00%(upstream:remotename)%00%(upstream:remoteref) refs/heads/master refs/remotes/master [5ms]
2024-11-28 20:41:06.491 [info] > git cat-file -s c8a5406d1e2ca1ba78d00cc21d946758ad3a8f09 [1ms]
2024-11-28 20:41:06.503 [info] > git status -z -uall [6ms]
2024-11-28 20:41:06.509 [info] > git for-each-ref --sort -committerdate --format %(refname) %(objectname) %(*objectname) [7ms]
2024-11-28 20:41:06.511 [info] > git show --textconv :dotfiles/.config/hypr/conf/autostart.conf [2ms]
